<?xml version="1.0" encoding="UTF-8"?>
<testsuite xmlns:xsi="http://www.w3.org/2001/XMLSchema-instance" xsi:noNamespaceSchemaLocation="https://maven.apache.org/surefire/maven-surefire-plugin/xsd/surefire-test-report-3.0.xsd" version="3.0" name="com.demo.demo.DemoApplicationTests" time="5.48" tests="1" errors="0" skipped="0" failures="0">
  <properties>
[...]
</properties>
  <testcase name="contextLoads" classname="com.demo.demo.DemoApplicationTests" time="0.437">
    <system-out><![CDATA[21:58:43.886 [main] INFO org.springframework.test.context.support.AnnotationConfigContextLoaderUtils -- Could not detect default configuration classes for test class [com.demo.demo.DemoApplicationTests]: DemoApplicationTests does not declare any static, non-private, non-final, nested classes annotated with @Configuration.
21:58:43.967 [main] INFO org.springframework.boot.test.context.SpringBootTestContextBootstrapper -- Found @SpringBootConfiguration com.demo.demo.DemoApplication for test class com.demo.demo.DemoApplicationTests

  .   ____          _            __ _ _
 /\\ / ___'_ __ _ _(_)_ __  __ _ \ \ \ \
( ( )\___ | '_ | '_| | '_ \/ _` | \ \ \ \
 \\/  ___)| |_)| | | | | || (_| |  ) ) ) )
  '  |____| .__|_| |_|_| |_\__, | / / / /
 =========|_|==============|___/=/_/_/_/
 :: Spring Boot ::                (v3.1.1)

2023-08-01T21:58:44.304-05:00 DEBUG 132312 --- [kground-preinit] o.h.v.i.xml.config.ValidationXmlParser   : Trying to load META-INF/validation.xml for XML based Validator configuration.
2023-08-01T21:58:44.306-05:00 DEBUG 132312 --- [kground-preinit] o.h.v.i.xml.config.ResourceLoaderHelper  : Trying to load META-INF/validation.xml via TCCL
2023-08-01T21:58:44.307-05:00 DEBUG 132312 --- [kground-preinit] o.h.v.i.xml.config.ResourceLoaderHelper  : Trying to load META-INF/validation.xml via Hibernate Validator's class loader
2023-08-01T21:58:44.308-05:00 DEBUG 132312 --- [kground-preinit] o.h.v.i.xml.config.ValidationXmlParser   : No META-INF/validation.xml found. Using annotation based configuration only.
2023-08-01T21:58:44.313-05:00 DEBUG 132312 --- [kground-preinit] o.h.v.i.e.resolver.TraversableResolvers  : Found jakarta.persistence.Persistence on classpath containing 'getPersistenceUtil'. Assuming JPA 2 environment. Trying to instantiate JPA aware TraversableResolver
2023-08-01T21:58:44.314-05:00 DEBUG 132312 --- [kground-preinit] o.h.v.i.e.resolver.TraversableResolvers  : Instantiated JPA aware TraversableResolver of type org.hibernate.validator.internal.engine.resolver.JPATraversableResolver.
2023-08-01T21:58:44.322-05:00  INFO 132312 --- [           main] com.demo.demo.DemoApplicationTests       : Starting DemoApplicationTests using Java 17.0.8 with PID 132312 (started by camilo in /home/camilo/Documentos/DlloJava/comfenalco/wokshop/spring-angular-confenalco/back)
2023-08-01T21:58:44.323-05:00  INFO 132312 --- [           main] com.demo.demo.DemoApplicationTests       : No active profile set, falling back to 1 default profile: "default"
2023-08-01T21:58:44.333-05:00 DEBUG 132312 --- [kground-preinit] .h.v.m.ResourceBundleMessageInterpolator : Loaded expression factory via original TCCL
2023-08-01T21:58:44.391-05:00 DEBUG 132312 --- [kground-preinit] .i.e.ValidatorFactoryConfigurationHelper : HV000252: Using org.hibernate.validator.internal.engine.DefaultPropertyNodeNameProvider as property node name provider.
2023-08-01T21:58:44.396-05:00 DEBUG 132312 --- [kground-preinit] .i.e.ValidatorFactoryConfigurationHelper : HV000234: Using org.hibernate.validator.messageinterpolation.ResourceBundleMessageInterpolator as ValidatorFactory-scoped message interpolator.
2023-08-01T21:58:44.396-05:00 DEBUG 132312 --- [kground-preinit] .i.e.ValidatorFactoryConfigurationHelper : HV000234: Using org.hibernate.validator.internal.engine.resolver.JPATraversableResolver as ValidatorFactory-scoped traversable resolver.
2023-08-01T21:58:44.397-05:00 DEBUG 132312 --- [kground-preinit] .i.e.ValidatorFactoryConfigurationHelper : HV000234: Using org.hibernate.validator.internal.util.ExecutableParameterNameProvider as ValidatorFactory-scoped parameter name provider.
2023-08-01T21:58:44.397-05:00 DEBUG 132312 --- [kground-preinit] .i.e.ValidatorFactoryConfigurationHelper : HV000234: Using org.hibernate.validator.internal.engine.DefaultClockProvider as ValidatorFactory-scoped clock provider.
2023-08-01T21:58:44.397-05:00 DEBUG 132312 --- [kground-preinit] .i.e.ValidatorFactoryConfigurationHelper : HV000234: Using org.hibernate.validator.internal.engine.scripting.DefaultScriptEvaluatorFactory as ValidatorFactory-scoped script evaluator factory.
2023-08-01T21:58:44.909-05:00  INFO 132312 --- [           main] .s.d.r.c.RepositoryConfigurationDelegate : Bootstrapping Spring Data JPA repositories in DEFAULT mode.
2023-08-01T21:58:44.958-05:00  INFO 132312 --- [           main] .s.d.r.c.RepositoryConfigurationDelegate : Finished Spring Data repository scanning in 42 ms. Found 3 JPA repository interfaces.
2023-08-01T21:58:45.325-05:00 DEBUG 132312 --- [           main] o.hibernate.jpa.internal.util.LogHelper  : PersistenceUnitInfo [
	name: default
	persistence provider classname: null
	classloader: jdk.internal.loader.ClassLoaders$AppClassLoader@5cb0d902
	excludeUnlistedClasses: true
	JTA datasource: null
	Non JTA datasource: HikariDataSource (null)
	Transaction type: RESOURCE_LOCAL
	PU root URL: file:/home/camilo/Documentos/DlloJava/comfenalco/wokshop/spring-angular-confenalco/back/target/test-classes/
	Shared Cache Mode: UNSPECIFIED
	Validation Mode: AUTO
	Jar files URLs []
	Managed classes names [
		com.demo.demo.repository.entities.Cliente
		com.demo.demo.repository.entities.Factura
		com.demo.demo.repository.entities.ItemFactura
		com.demo.demo.repository.entities.Producto
		com.demo.demo.repository.entities.Region
		com.demo.demo.repository.entities.Role
		com.demo.demo.repository.entities.Usuario]
	Mapping files names []
	Properties []
2023-08-01T21:58:45.332-05:00 DEBUG 132312 --- [           main] o.h.i.internal.IntegratorServiceImpl     : Adding Integrator [org.hibernate.boot.beanvalidation.BeanValidationIntegrator].
2023-08-01T21:58:45.334-05:00 DEBUG 132312 --- [           main] o.h.i.internal.IntegratorServiceImpl     : Adding Integrator [org.hibernate.cache.internal.CollectionCacheInvalidator].
2023-08-01T21:58:45.358-05:00  INFO 132312 --- [           main] org.hibernate.Version                    : HHH000412: Hibernate ORM core version 6.2.5.Final
2023-08-01T21:58:45.359-05:00 DEBUG 132312 --- [           main] org.hibernate.cfg.Environment            : HHH000206: hibernate.properties not found
2023-08-01T21:58:45.361-05:00  INFO 132312 --- [           main] org.hibernate.cfg.Environment            : HHH000406: Using bytecode reflection optimizer
2023-08-01T21:58:45.377-05:00 DEBUG 132312 --- [           main] org.hibernate.orm.idgen.factory          : Registering IdentifierGenerator strategy [uuid2] -> [org.hibernate.id.UUIDGenerator]
2023-08-01T21:58:45.377-05:00 DEBUG 132312 --- [           main] org.hibernate.orm.idgen.factory          : Registering IdentifierGenerator strategy [guid] -> [org.hibernate.id.GUIDGenerator]
2023-08-01T21:58:45.377-05:00 DEBUG 132312 --- [           main] org.hibernate.orm.idgen.factory          : Registering IdentifierGenerator strategy [uuid] -> [org.hibernate.id.UUIDHexGenerator]
2023-08-01T21:58:45.378-05:00 DEBUG 132312 --- [           main] org.hibernate.orm.idgen.factory          : Registering IdentifierGenerator strategy [uuid.hex] -> [org.hibernate.id.UUIDHexGenerator]
2023-08-01T21:58:45.378-05:00 DEBUG 132312 --- [           main] org.hibernate.orm.idgen.factory          : Registering IdentifierGenerator strategy [assigned] -> [org.hibernate.id.Assigned]
2023-08-01T21:58:45.379-05:00 DEBUG 132312 --- [           main] org.hibernate.orm.idgen.factory          : Registering IdentifierGenerator strategy [identity] -> [org.hibernate.id.IdentityGenerator]
2023-08-01T21:58:45.379-05:00 DEBUG 132312 --- [           main] org.hibernate.orm.idgen.factory          : Registering IdentifierGenerator strategy [select] -> [org.hibernate.id.SelectGenerator]
2023-08-01T21:58:45.380-05:00 DEBUG 132312 --- [           main] org.hibernate.orm.idgen.factory          : Registering IdentifierGenerator strategy [sequence] -> [org.hibernate.id.enhanced.SequenceStyleGenerator]
2023-08-01T21:58:45.380-05:00 DEBUG 132312 --- [           main] org.hibernate.orm.idgen.factory          : Registering IdentifierGenerator strategy [increment] -> [org.hibernate.id.IncrementGenerator]
2023-08-01T21:58:45.381-05:00 DEBUG 132312 --- [           main] org.hibernate.orm.idgen.factory          : Registering IdentifierGenerator strategy [foreign] -> [org.hibernate.id.ForeignGenerator]
2023-08-01T21:58:45.381-05:00 DEBUG 132312 --- [           main] org.hibernate.orm.idgen.factory          : Registering IdentifierGenerator strategy [enhanced-sequence] -> [org.hibernate.id.enhanced.SequenceStyleGenerator]
2023-08-01T21:58:45.382-05:00 DEBUG 132312 --- [           main] org.hibernate.orm.idgen.factory          : Registering IdentifierGenerator strategy [enhanced-table] -> [org.hibernate.id.enhanced.TableGenerator]
2023-08-01T21:58:45.387-05:00 DEBUG 132312 --- [           main] o.h.c.internal.RegionFactoryInitiator    : Cannot default RegionFactory based on registered strategies as `[]` RegionFactory strategies were registered
2023-08-01T21:58:45.388-05:00 DEBUG 132312 --- [           main] o.h.c.internal.RegionFactoryInitiator    : Cache region factory : org.hibernate.cache.internal.NoCachingRegionFactory
2023-08-01T21:58:45.481-05:00 DEBUG 132312 --- [           main] org.hibernate.type.BasicTypeRegistry     : Adding type registration boolean -> org.hibernate.type.BasicTypeReference@706ceca6
2023-08-01T21:58:45.481-05:00 DEBUG 132312 --- [           main] org.hibernate.type.BasicTypeRegistry     : Adding type registration boolean -> org.hibernate.type.BasicTypeReference@706ceca6
2023-08-01T21:58:45.481-05:00 DEBUG 132312 --- [           main] org.hibernate.type.BasicTypeRegistry     : Adding type registration java.lang.Boolean -> org.hibernate.type.BasicTypeReference@706ceca6
2023-08-01T21:58:45.482-05:00 DEBUG 132312 --- [           main] org.hibernate.type.BasicTypeRegistry     : Adding type registration numeric_boolean -> org.hibernate.type.BasicTypeReference@7f6329cb
2023-08-01T21:58:45.482-05:00 DEBUG 132312 --- [           main] org.hibernate.type.BasicTypeRegistry     : Adding type registration org.hibernate.type.NumericBooleanConverter -> org.hibernate.type.BasicTypeReference@7f6329cb
2023-08-01T21:58:45.482-05:00 DEBUG 132312 --- [           main] org.hibernate.type.BasicTypeRegistry     : Adding type registration true_false -> org.hibernate.type.BasicTypeReference@4b8137c5
2023-08-01T21:58:45.482-05:00 DEBUG 132312 --- [           main] org.hibernate.type.BasicTypeRegistry     : Adding type registration org.hibernate.type.TrueFalseConverter -> org.hibernate.type.BasicTypeReference@4b8137c5
2023-08-01T21:58:45.482-05:00 DEBUG 132312 --- [           main] org.hibernate.type.BasicTypeRegistry     : Adding type registration yes_no -> org.hibernate.type.BasicTypeReference@77f4c040
2023-08-01T21:58:45.482-05:00 DEBUG 132312 --- [           main] org.hibernate.type.BasicTypeRegistry     : Adding type registration org.hibernate.type.YesNoConverter -> org.hibernate.type.BasicTypeReference@77f4c040
2023-08-01T21:58:45.482-05:00 DEBUG 132312 --- [           main] org.hibernate.type.BasicTypeRegistry     : Adding type registration byte -> org.hibernate.type.BasicTypeReference@606a1bc4
2023-08-01T21:58:45.483-05:00 DEBUG 132312 --- [           main] org.hibernate.type.BasicTypeRegistry     : Adding type registration byte -> org.hibernate.type.BasicTypeReference@606a1bc4
2023-08-01T21:58:45.483-05:00 DEBUG 132312 --- [           main] org.hibernate.type.BasicTypeRegistry     : Adding type registration java.lang.Byte -> org.hibernate.type.BasicTypeReference@606a1bc4
2023-08-01T21:58:45.483-05:00 DEBUG 132312 --- [           main] org.hibernate.type.BasicTypeRegistry     : Adding type registration binary -> org.hibernate.type.BasicTypeReference@6a15b73
2023-08-01T21:58:45.483-05:00 DEBUG 132312 --- [           main] org.hibernate.type.BasicTypeRegistry     : Adding type registration byte[] -> org.hibernate.type.BasicTypeReference@6a15b73
2023-08-01T21:58:45.483-05:00 DEBUG 132312 --- [           main] org.hibernate.type.BasicTypeRegistry     : Adding type registration [B -> org.hibernate.type.BasicTypeReference@6a15b73
2023-08-01T21:58:45.483-05:00 DEBUG 132312 --- [           main] org.hibernate.type.BasicTypeRegistry     : Adding type registration binary_wrapper -> org.hibernate.type.BasicTypeReference@44dc7b7d
2023-08-01T21:58:45.483-05:00 DEBUG 132312 --- [           main] org.hibernate.type.BasicTypeRegistry     : Adding type registration wrapper-binary -> org.hibernate.type.BasicTypeReference@44dc7b7d
2023-08-01T21:58:45.484-05:00 DEBUG 132312 --- [           main] org.hibernate.type.BasicTypeRegistry     : Adding type registration image -> org.hibernate.type.BasicTypeReference@15fb4566
2023-08-01T21:58:45.484-05:00 DEBUG 132312 --- [           main] org.hibernate.type.BasicTypeRegistry     : Adding type registration blob -> org.hibernate.type.BasicTypeReference@25ffd826
2023-08-01T21:58:45.484-05:00 DEBUG 132312 --- [           main] org.hibernate.type.BasicTypeRegistry     : Adding type registration java.sql.Blob -> org.hibernate.type.BasicTypeReference@25ffd826
2023-08-01T21:58:45.484-05:00 DEBUG 132312 --- [           main] org.hibernate.type.BasicTypeRegistry     : Adding type registration materialized_blob -> org.hibernate.type.BasicTypeReference@29896529
2023-08-01T21:58:45.484-05:00 DEBUG 132312 --- [           main] org.hibernate.type.BasicTypeRegistry     : Adding type registration materialized_blob_wrapper -> org.hibernate.type.BasicTypeReference@e29f4f6
2023-08-01T21:58:45.484-05:00 DEBUG 132312 --- [           main] org.hibernate.type.BasicTypeRegistry     : Adding type registration short -> org.hibernate.type.BasicTypeReference@41b64020
2023-08-01T21:58:45.484-05:00 DEBUG 132312 --- [           main] org.hibernate.type.BasicTypeRegistry     : Adding type registration short -> org.hibernate.type.BasicTypeReference@41b64020
2023-08-01T21:58:45.484-05:00 DEBUG 132312 --- [           main] org.hibernate.type.BasicTypeRegistry     : Adding type registration java.lang.Short -> org.hibernate.type.BasicTypeReference@41b64020
2023-08-01T21:58:45.485-05:00 DEBUG 132312 --- [           main] org.hibernate.type.BasicTypeRegistry     : Adding type registration integer -> org.hibernate.type.BasicTypeReference@1a538ed8
2023-08-01T21:58:45.485-05:00 DEBUG 132312 --- [           main] org.hibernate.type.BasicTypeRegistry     : Adding type registration int -> org.hibernate.type.BasicTypeReference@1a538ed8
2023-08-01T21:58:45.485-05:00 DEBUG 132312 --- [           main] org.hibernate.type.BasicTypeRegistry     : Adding type registration java.lang.Integer -> org.hibernate.type.BasicTypeReference@1a538ed8
2023-08-01T21:58:45.485-05:00 DEBUG 132312 --- [           main] org.hibernate.type.BasicTypeRegistry     : Adding type registration long -> org.hibernate.type.BasicTypeReference@78910096
2023-08-01T21:58:45.485-05:00 DEBUG 132312 --- [           main] org.hibernate.type.BasicTypeRegistry     : Adding type registration long -> org.hibernate.type.BasicTypeReference@78910096
2023-08-01T21:58:45.485-05:00 DEBUG 132312 --- [           main] org.hibernate.type.BasicTypeRegistry     : Adding type registration java.lang.Long -> org.hibernate.type.BasicTypeReference@78910096
2023-08-01T21:58:45.485-05:00 DEBUG 132312 --- [           main] org.hibernate.type.BasicTypeRegistry     : Adding type registration float -> org.hibernate.type.BasicTypeReference@39dec536
2023-08-01T21:58:45.486-05:00 DEBUG 132312 --- [           main] org.hibernate.type.BasicTypeRegistry     : Adding type registration float -> org.hibernate.type.BasicTypeReference@39dec536
2023-08-01T21:58:45.486-05:00 DEBUG 132312 --- [           main] org.hibernate.type.BasicTypeRegistry     : Adding type registration java.lang.Float -> org.hibernate.type.BasicTypeReference@39dec536
2023-08-01T21:58:45.486-05:00 DEBUG 132312 --- [           main] org.hibernate.type.BasicTypeRegistry     : Adding type registration double -> org.hibernate.type.BasicTypeReference@4a1a256d
2023-08-01T21:58:45.486-05:00 DEBUG 132312 --- [           main] org.hibernate.type.BasicTypeRegistry     : Adding type registration double -> org.hibernate.type.BasicTypeReference@4a1a256d
2023-08-01T21:58:45.486-05:00 DEBUG 132312 --- [           main] org.hibernate.type.BasicTypeRegistry     : Adding type registration java.lang.Double -> org.hibernate.type.BasicTypeReference@4a1a256d
2023-08-01T21:58:45.486-05:00 DEBUG 132312 --- [           main] org.hibernate.type.BasicTypeRegistry     : Adding type registration big_integer -> org.hibernate.type.BasicTypeReference@4cb957b8
2023-08-01T21:58:45.486-05:00 DEBUG 132312 --- [           main] org.hibernate.type.BasicTypeRegistry     : Adding type registration java.math.BigInteger -> org.hibernate.type.BasicTypeReference@4cb957b8
2023-08-01T21:58:45.486-05:00 DEBUG 132312 --- [           main] org.hibernate.type.BasicTypeRegistry     : Adding type registration big_decimal -> org.hibernate.type.BasicTypeReference@3cdc7b09
2023-08-01T21:58:45.487-05:00 DEBUG 132312 --- [           main] org.hibernate.type.BasicTypeRegistry     : Adding type registration java.math.BigDecimal -> org.hibernate.type.BasicTypeReference@3cdc7b09
2023-08-01T21:58:45.487-05:00 DEBUG 132312 --- [           main] org.hibernate.type.BasicTypeRegistry     : Adding type registration character -> org.hibernate.type.BasicTypeReference@7364eed1
2023-08-01T21:58:45.487-05:00 DEBUG 132312 --- [           main] org.hibernate.type.BasicTypeRegistry     : Adding type registration char -> org.hibernate.type.BasicTypeReference@7364eed1
2023-08-01T21:58:45.487-05:00 DEBUG 132312 --- [           main] org.hibernate.type.BasicTypeRegistry     : Adding type registration java.lang.Character -> org.hibernate.type.BasicTypeReference@7364eed1
2023-08-01T21:58:45.487-05:00 DEBUG 132312 --- [           main] org.hibernate.type.BasicTypeRegistry     : Adding type registration character_nchar -> org.hibernate.type.BasicTypeReference@684e8c9d
2023-08-01T21:58:45.487-05:00 DEBUG 132312 --- [           main] org.hibernate.type.BasicTypeRegistry     : Adding type registration string -> org.hibernate.type.BasicTypeReference@6ecc02bb
2023-08-01T21:58:45.487-05:00 DEBUG 132312 --- [           main] org.hibernate.type.BasicTypeRegistry     : Adding type registration java.lang.String -> org.hibernate.type.BasicTypeReference@6ecc02bb
2023-08-01T21:58:45.487-05:00 DEBUG 132312 --- [           main] org.hibernate.type.BasicTypeRegistry     : Adding type registration nstring -> org.hibernate.type.BasicTypeReference@31973858
2023-08-01T21:58:45.488-05:00 DEBUG 132312 --- [           main] org.hibernate.type.BasicTypeRegistry     : Adding type registration characters -> org.hibernate.type.BasicTypeReference@65514add
2023-08-01T21:58:45.488-05:00 DEBUG 132312 --- [           main] org.hibernate.type.BasicTypeRegistry     : Adding type registration char[] -> org.hibernate.type.BasicTypeReference@65514add
2023-08-01T21:58:45.488-05:00 DEBUG 132312 --- [           main] org.hibernate.type.BasicTypeRegistry     : Adding type registration [C -> org.hibernate.type.BasicTypeReference@65514add
2023-08-01T21:58:45.488-05:00 DEBUG 132312 --- [           main] org.hibernate.type.BasicTypeRegistry     : Adding type registration wrapper-characters -> org.hibernate.type.BasicTypeReference@79e7188e
2023-08-01T21:58:45.488-05:00 DEBUG 132312 --- [           main] org.hibernate.type.BasicTypeRegistry     : Adding type registration text -> org.hibernate.type.BasicTypeReference@773014d3
2023-08-01T21:58:45.489-05:00 DEBUG 132312 --- [           main] org.hibernate.type.BasicTypeRegistry     : Adding type registration ntext -> org.hibernate.type.BasicTypeReference@7fedb795
2023-08-01T21:58:45.489-05:00 DEBUG 132312 --- [           main] org.hibernate.type.BasicTypeRegistry     : Adding type registration clob -> org.hibernate.type.BasicTypeReference@10850d17
2023-08-01T21:58:45.489-05:00 DEBUG 132312 --- [           main] org.hibernate.type.BasicTypeRegistry     : Adding type registration java.sql.Clob -> org.hibernate.type.BasicTypeReference@10850d17
2023-08-01T21:58:45.489-05:00 DEBUG 132312 --- [           main] org.hibernate.type.BasicTypeRegistry     : Adding type registration nclob -> org.hibernate.type.BasicTypeReference@51e754e1
2023-08-01T21:58:45.489-05:00 DEBUG 132312 --- [           main] org.hibernate.type.BasicTypeRegistry     : Adding type registration java.sql.NClob -> org.hibernate.type.BasicTypeReference@51e754e1
2023-08-01T21:58:45.489-05:00 DEBUG 132312 --- [           main] org.hibernate.type.BasicTypeRegistry     : Adding type registration materialized_clob -> org.hibernate.type.BasicTypeReference@26865482
2023-08-01T21:58:45.489-05:00 DEBUG 132312 --- [           main] org.hibernate.type.BasicTypeRegistry     : Adding type registration materialized_clob_char_array -> org.hibernate.type.BasicTypeReference@34451ed8
2023-08-01T21:58:45.489-05:00 DEBUG 132312 --- [           main] org.hibernate.type.BasicTypeRegistry     : Adding type registration materialized_clob_character_array -> org.hibernate.type.BasicTypeReference@c1050f2
2023-08-01T21:58:45.489-05:00 DEBUG 132312 --- [           main] org.hibernate.type.BasicTypeRegistry     : Adding type registration materialized_nclob -> org.hibernate.type.BasicTypeReference@67bb4dcd
2023-08-01T21:58:45.490-05:00 DEBUG 132312 --- [           main] org.hibernate.type.BasicTypeRegistry     : Adding type registration materialized_nclob_character_array -> org.hibernate.type.BasicTypeReference@738d37fc
2023-08-01T21:58:45.490-05:00 DEBUG 132312 --- [           main] org.hibernate.type.BasicTypeRegistry     : Adding type registration materialized_nclob_char_array -> org.hibernate.type.BasicTypeReference@6fa2448b
2023-08-01T21:58:45.490-05:00 DEBUG 132312 --- [           main] org.hibernate.type.BasicTypeRegistry     : Adding type registration Duration -> org.hibernate.type.BasicTypeReference@61bb1e4d
2023-08-01T21:58:45.490-05:00 DEBUG 132312 --- [           main] org.hibernate.type.BasicTypeRegistry     : Adding type registration java.time.Duration -> org.hibernate.type.BasicTypeReference@61bb1e4d
2023-08-01T21:58:45.490-05:00 DEBUG 132312 --- [           main] org.hibernate.type.BasicTypeRegistry     : Adding type registration LocalDateTime -> org.hibernate.type.BasicTypeReference@5c53f292
2023-08-01T21:58:45.490-05:00 DEBUG 132312 --- [           main] org.hibernate.type.BasicTypeRegistry     : Adding type registration java.time.LocalDateTime -> org.hibernate.type.BasicTypeReference@5c53f292
2023-08-01T21:58:45.490-05:00 DEBUG 132312 --- [           main] org.hibernate.type.BasicTypeRegistry     : Adding type registration LocalDate -> org.hibernate.type.BasicTypeReference@46fb0c33
2023-08-01T21:58:45.490-05:00 DEBUG 132312 --- [           main] org.hibernate.type.BasicTypeRegistry     : Adding type registration java.time.LocalDate -> org.hibernate.type.BasicTypeReference@46fb0c33
2023-08-01T21:58:45.490-05:00 DEBUG 132312 --- [           main] org.hibernate.type.BasicTypeRegistry     : Adding type registration LocalTime -> org.hibernate.type.BasicTypeReference@3b009e7b
2023-08-01T21:58:45.491-05:00 DEBUG 132312 --- [           main] org.hibernate.type.BasicTypeRegistry     : Adding type registration java.time.LocalTime -> org.hibernate.type.BasicTypeReference@3b009e7b
2023-08-01T21:58:45.491-05:00 DEBUG 132312 --- [           main] org.hibernate.type.BasicTypeRegistry     : Adding type registration OffsetDateTime -> org.hibernate.type.BasicTypeReference@270a620
2023-08-01T21:58:45.491-05:00 DEBUG 132312 --- [           main] org.hibernate.type.BasicTypeRegistry     : Adding type registration java.time.OffsetDateTime -> org.hibernate.type.BasicTypeReference@270a620
2023-08-01T21:58:45.491-05:00 DEBUG 132312 --- [           main] org.hibernate.type.BasicTypeRegistry     : Adding type registration OffsetDateTimeWithTimezone -> org.hibernate.type.BasicTypeReference@41f4039e
2023-08-01T21:58:45.491-05:00 DEBUG 132312 --- [           main] org.hibernate.type.BasicTypeRegistry     : Adding type registration OffsetDateTimeWithoutTimezone -> org.hibernate.type.BasicTypeReference@5ff00507
2023-08-01T21:58:45.491-05:00 DEBUG 132312 --- [           main] org.hibernate.type.BasicTypeRegistry     : Adding type registration OffsetTime -> org.hibernate.type.BasicTypeReference@603cabc4
2023-08-01T21:58:45.491-05:00 DEBUG 132312 --- [           main] org.hibernate.type.BasicTypeRegistry     : Adding type registration java.time.OffsetTime -> org.hibernate.type.BasicTypeReference@603cabc4
2023-08-01T21:58:45.491-05:00 DEBUG 132312 --- [           main] org.hibernate.type.BasicTypeRegistry     : Adding type registration OffsetTimeUtc -> org.hibernate.type.BasicTypeReference@67fa5045
2023-08-01T21:58:45.491-05:00 DEBUG 132312 --- [           main] org.hibernate.type.BasicTypeRegistry     : Adding type registration OffsetTimeWithTimezone -> org.hibernate.type.BasicTypeReference@6f347d7
2023-08-01T21:58:45.491-05:00 DEBUG 132312 --- [           main] org.hibernate.type.BasicTypeRegistry     : Adding type registration OffsetTimeWithoutTimezone -> org.hibernate.type.BasicTypeReference@5974b233
2023-08-01T21:58:45.492-05:00 DEBUG 132312 --- [           main] org.hibernate.type.BasicTypeRegistry     : Adding type registration ZonedDateTime -> org.hibernate.type.BasicTypeReference@5c134052
2023-08-01T21:58:45.492-05:00 DEBUG 132312 --- [           main] org.hibernate.type.BasicTypeRegistry     : Adding type registration java.time.ZonedDateTime -> org.hibernate.type.BasicTypeReference@5c134052
2023-08-01T21:58:45.492-05:00 DEBUG 132312 --- [           main] org.hibernate.type.BasicTypeRegistry     : Adding type registration ZonedDateTimeWithTimezone -> org.hibernate.type.BasicTypeReference@69de5bed
2023-08-01T21:58:45.492-05:00 DEBUG 132312 --- [           main] org.hibernate.type.BasicTypeRegistry     : Adding type registration ZonedDateTimeWithoutTimezone -> org.hibernate.type.BasicTypeReference@750f64fe
2023-08-01T21:58:45.492-05:00 DEBUG 132312 --- [           main] org.hibernate.type.BasicTypeRegistry     : Adding type registration date -> org.hibernate.type.BasicTypeReference@996a546
2023-08-01T21:58:45.492-05:00 DEBUG 132312 --- [           main] org.hibernate.type.BasicTypeRegistry     : Adding type registration java.sql.Date -> org.hibernate.type.BasicTypeReference@996a546
2023-08-01T21:58:45.492-05:00 DEBUG 132312 --- [           main] org.hibernate.type.BasicTypeRegistry     : Adding type registration time -> org.hibernate.type.BasicTypeReference@4fc165f6
2023-08-01T21:58:45.492-05:00 DEBUG 132312 --- [           main] org.hibernate.type.BasicTypeRegistry     : Adding type registration java.sql.Time -> org.hibernate.type.BasicTypeReference@4fc165f6
2023-08-01T21:58:45.492-05:00 DEBUG 132312 --- [           main] org.hibernate.type.BasicTypeRegistry     : Adding type registration timestamp -> org.hibernate.type.BasicTypeReference@545b5ed0
2023-08-01T21:58:45.492-05:00 DEBUG 132312 --- [           main] org.hibernate.type.BasicTypeRegistry     : Adding type registration java.sql.Timestamp -> org.hibernate.type.BasicTypeReference@545b5ed0
2023-08-01T21:58:45.493-05:00 DEBUG 132312 --- [           main] org.hibernate.type.BasicTypeRegistry     : Adding type registration java.util.Date -> org.hibernate.type.BasicTypeReference@545b5ed0
2023-08-01T21:58:45.493-05:00 DEBUG 132312 --- [           main] org.hibernate.type.BasicTypeRegistry     : Adding type registration calendar -> org.hibernate.type.BasicTypeReference@5a7df831
2023-08-01T21:58:45.493-05:00 DEBUG 132312 --- [           main] org.hibernate.type.BasicTypeRegistry     : Adding type registration java.util.Calendar -> org.hibernate.type.BasicTypeReference@5a7df831
2023-08-01T21:58:45.493-05:00 DEBUG 132312 --- [           main] org.hibernate.type.BasicTypeRegistry     : Adding type registration java.util.GregorianCalendar -> org.hibernate.type.BasicTypeReference@5a7df831
2023-08-01T21:58:45.493-05:00 DEBUG 132312 --- [           main] org.hibernate.type.BasicTypeRegistry     : Adding type registration calendar_date -> org.hibernate.type.BasicTypeReference@667dcaad
2023-08-01T21:58:45.493-05:00 DEBUG 132312 --- [           main] org.hibernate.type.BasicTypeRegistry     : Adding type registration calendar_time -> org.hibernate.type.BasicTypeReference@22d7fd41
2023-08-01T21:58:45.493-05:00 DEBUG 132312 --- [           main] org.hibernate.type.BasicTypeRegistry     : Adding type registration instant -> org.hibernate.type.BasicTypeReference@2c748a15
2023-08-01T21:58:45.493-05:00 DEBUG 132312 --- [           main] org.hibernate.type.BasicTypeRegistry     : Adding type registration java.time.Instant -> org.hibernate.type.BasicTypeReference@2c748a15
2023-08-01T21:58:45.493-05:00 DEBUG 132312 --- [           main] org.hibernate.type.BasicTypeRegistry     : Adding type registration uuid -> org.hibernate.type.BasicTypeReference@19fd43da
2023-08-01T21:58:45.493-05:00 DEBUG 132312 --- [           main] org.hibernate.type.BasicTypeRegistry     : Adding type registration java.util.UUID -> org.hibernate.type.BasicTypeReference@19fd43da
2023-08-01T21:58:45.494-05:00 DEBUG 132312 --- [           main] org.hibernate.type.BasicTypeRegistry     : Adding type registration pg-uuid -> org.hibernate.type.BasicTypeReference@19fd43da
2023-08-01T21:58:45.494-05:00 DEBUG 132312 --- [           main] org.hibernate.type.BasicTypeRegistry     : Adding type registration uuid-binary -> org.hibernate.type.BasicTypeReference@115dcaea
2023-08-01T21:58:45.494-05:00 DEBUG 132312 --- [           main] org.hibernate.type.BasicTypeRegistry     : Adding type registration uuid-char -> org.hibernate.type.BasicTypeReference@cfd1075
2023-08-01T21:58:45.494-05:00 DEBUG 132312 --- [           main] org.hibernate.type.BasicTypeRegistry     : Adding type registration class -> org.hibernate.type.BasicTypeReference@45117dd
2023-08-01T21:58:45.494-05:00 DEBUG 132312 --- [           main] org.hibernate.type.BasicTypeRegistry     : Adding type registration java.lang.Class -> org.hibernate.type.BasicTypeReference@45117dd
2023-08-01T21:58:45.494-05:00 DEBUG 132312 --- [           main] org.hibernate.type.BasicTypeRegistry     : Adding type registration currency -> org.hibernate.type.BasicTypeReference@7741771e
2023-08-01T21:58:45.494-05:00 DEBUG 132312 --- [           main] org.hibernate.type.BasicTypeRegistry     : Adding type registration Currency -> org.hibernate.type.BasicTypeReference@7741771e
2023-08-01T21:58:45.494-05:00 DEBUG 132312 --- [           main] org.hibernate.type.BasicTypeRegistry     : Adding type registration java.util.Currency -> org.hibernate.type.BasicTypeReference@7741771e
2023-08-01T21:58:45.494-05:00 DEBUG 132312 --- [           main] org.hibernate.type.BasicTypeRegistry     : Adding type registration locale -> org.hibernate.type.BasicTypeReference@834e986
2023-08-01T21:58:45.494-05:00 DEBUG 132312 --- [           main] org.hibernate.type.BasicTypeRegistry     : Adding type registration java.util.Locale -> org.hibernate.type.BasicTypeReference@834e986
2023-08-01T21:58:45.495-05:00 DEBUG 132312 --- [           main] org.hibernate.type.BasicTypeRegistry     : Adding type registration serializable -> org.hibernate.type.BasicTypeReference@6cae2e4d
2023-08-01T21:58:45.495-05:00 DEBUG 132312 --- [           main] org.hibernate.type.BasicTypeRegistry     : Adding type registration java.io.Serializable -> org.hibernate.type.BasicTypeReference@6cae2e4d
2023-08-01T21:58:45.495-05:00 DEBUG 132312 --- [           main] org.hibernate.type.BasicTypeRegistry     : Adding type registration timezone -> org.hibernate.type.BasicTypeReference@604d23fa
2023-08-01T21:58:45.495-05:00 DEBUG 132312 --- [           main] org.hibernate.type.BasicTypeRegistry     : Adding type registration java.util.TimeZone -> org.hibernate.type.BasicTypeReference@604d23fa
2023-08-01T21:58:45.495-05:00 DEBUG 132312 --- [           main] org.hibernate.type.BasicTypeRegistry     : Adding type registration ZoneOffset -> org.hibernate.type.BasicTypeReference@1cc8416a
2023-08-01T21:58:45.495-05:00 DEBUG 132312 --- [           main] org.hibernate.type.BasicTypeRegistry     : Adding type registration java.time.ZoneOffset -> org.hibernate.type.BasicTypeReference@1cc8416a
2023-08-01T21:58:45.495-05:00 DEBUG 132312 --- [           main] org.hibernate.type.BasicTypeRegistry     : Adding type registration url -> org.hibernate.type.BasicTypeReference@331ff3ac
2023-08-01T21:58:45.495-05:00 DEBUG 132312 --- [           main] org.hibernate.type.BasicTypeRegistry     : Adding type registration java.net.URL -> org.hibernate.type.BasicTypeReference@331ff3ac
2023-08-01T21:58:45.495-05:00 DEBUG 132312 --- [           main] org.hibernate.type.BasicTypeRegistry     : Adding type registration row_version -> org.hibernate.type.BasicTypeReference@2e5e6fc4
2023-08-01T21:58:45.500-05:00 DEBUG 132312 --- [           main] org.hibernate.type.BasicTypeRegistry     : Adding type registration object -> org.hibernate.type.JavaObjectType@3e214105
2023-08-01T21:58:45.501-05:00 DEBUG 132312 --- [           main] org.hibernate.type.BasicTypeRegistry     : Adding type registration java.lang.Object -> org.hibernate.type.JavaObjectType@3e214105
2023-08-01T21:58:45.502-05:00 DEBUG 132312 --- [           main] org.hibernate.type.BasicTypeRegistry     : Adding type registration null -> org.hibernate.type.NullType@60cb1ed6
2023-08-01T21:58:45.503-05:00 DEBUG 132312 --- [           main] org.hibernate.type.BasicTypeRegistry     : Adding type registration imm_date -> org.hibernate.type.BasicTypeReference@1e5eb20a
2023-08-01T21:58:45.503-05:00 DEBUG 132312 --- [           main] org.hibernate.type.BasicTypeRegistry     : Adding type registration imm_time -> org.hibernate.type.BasicTypeReference@4538856f
2023-08-01T21:58:45.503-05:00 DEBUG 132312 --- [           main] org.hibernate.type.BasicTypeRegistry     : Adding type registration imm_timestamp -> org.hibernate.type.BasicTypeReference@4c3de38e
2023-08-01T21:58:45.503-05:00 DEBUG 132312 --- [           main] org.hibernate.type.BasicTypeRegistry     : Adding type registration imm_calendar -> org.hibernate.type.BasicTypeReference@74b86971
2023-08-01T21:58:45.503-05:00 DEBUG 132312 --- [           main] org.hibernate.type.BasicTypeRegistry     : Adding type registration imm_calendar_date -> org.hibernate.type.BasicTypeReference@1f9d4b0e
2023-08-01T21:58:45.503-05:00 DEBUG 132312 --- [           main] org.hibernate.type.BasicTypeRegistry     : Adding type registration imm_calendar_time -> org.hibernate.type.BasicTypeReference@1e8fb66f
2023-08-01T21:58:45.503-05:00 DEBUG 132312 --- [           main] org.hibernate.type.BasicTypeRegistry     : Adding type registration imm_binary -> org.hibernate.type.BasicTypeReference@3d8d17a3
2023-08-01T21:58:45.503-05:00 DEBUG 132312 --- [           main] org.hibernate.type.BasicTypeRegistry     : Adding type registration imm_serializable -> org.hibernate.type.BasicTypeReference@ac91282
2023-08-01T21:58:45.510-05:00 DEBUG 132312 --- [           main] o.h.boot.internal.BootstrapContextImpl   : Injecting JPA temp ClassLoader [org.springframework.instrument.classloading.SimpleThrowawayClassLoader@6f6efa4f] into BootstrapContext; was [null]
2023-08-01T21:58:45.510-05:00 DEBUG 132312 --- [           main] o.h.boot.internal.ClassLoaderAccessImpl  : ClassLoaderAccessImpl#injectTempClassLoader(org.springframework.instrument.classloading.SimpleThrowawayClassLoader@6f6efa4f) [was null]
2023-08-01T21:58:45.511-05:00 DEBUG 132312 --- [           main] o.h.boot.internal.BootstrapContextImpl   : Injecting ScanEnvironment [org.hibernate.jpa.boot.internal.StandardJpaScanEnvironmentImpl@3730f716] into BootstrapContext; was [null]
2023-08-01T21:58:45.511-05:00 DEBUG 132312 --- [           main] o.h.boot.internal.BootstrapContextImpl   : Injecting ScanOptions [org.hibernate.boot.archive.scan.internal.StandardScanOptions@7730ef88] into BootstrapContext; was [org.hibernate.boot.archive.scan.internal.StandardScanOptions@66f5a02e]
2023-08-01T21:58:45.535-05:00  INFO 132312 --- [           main] o.h.b.i.BytecodeProviderInitiator        : HHH000021: Bytecode provider name : bytebuddy
2023-08-01T21:58:45.649-05:00  INFO 132312 --- [           main] o.s.o.j.p.SpringPersistenceUnitInfo      : No LoadTimeWeaver setup: ignoring JPA class transformer
2023-08-01T21:58:45.649-05:00 DEBUG 132312 --- [           main] o.h.boot.internal.BootstrapContextImpl   : Injecting JPA temp ClassLoader [null] into BootstrapContext; was [org.springframework.instrument.classloading.SimpleThrowawayClassLoader@6f6efa4f]
2023-08-01T21:58:45.649-05:00 DEBUG 132312 --- [           main] o.h.boot.internal.ClassLoaderAccessImpl  : ClassLoaderAccessImpl#injectTempClassLoader(null) [was org.springframework.instrument.classloading.SimpleThrowawayClassLoader@6f6efa4f]
2023-08-01T21:58:45.665-05:00  INFO 132312 --- [           main] com.zaxxer.hikari.HikariDataSource       : HikariPool-1 - Starting...
2023-08-01T21:58:45.975-05:00  INFO 132312 --- [           main] com.zaxxer.hikari.pool.HikariPool        : HikariPool-1 - Added connection com.mysql.cj.jdbc.ConnectionImpl@5c5a91b4
2023-08-01T21:58:45.977-05:00  INFO 132312 --- [           main] com.zaxxer.hikari.HikariDataSource       : HikariPool-1 - Start completed.
2023-08-01T21:58:45.981-05:00 DEBUG 132312 --- [           main] o.h.e.j.e.i.JdbcEnvironmentInitiator     : Database ->
       name : MySQL
    version : 8.0.33-0ubuntu0.22.04.2
      major : 8
      minor : 0
2023-08-01T21:58:45.981-05:00 DEBUG 132312 --- [           main] o.h.e.j.e.i.JdbcEnvironmentInitiator     : Driver ->
       name : MySQL Connector/J
    version : mysql-connector-j-8.0.33 (Revision: 7d6b0800528b6b25c68b52dc10d6c1c8429c100c)
      major : 8
      minor : 0
2023-08-01T21:58:45.981-05:00 DEBUG 132312 --- [           main] o.h.e.j.e.i.JdbcEnvironmentInitiator     : JDBC version : 4.2
2023-08-01T21:58:46.006-05:00 DEBUG 132312 --- [           main] org.hibernate.orm.dialect                : HHH035001: Using dialect: org.hibernate.dialect.MySQL8Dialect, version: 8.0
2023-08-01T21:58:46.008-05:00  WARN 132312 --- [           main] org.hibernate.orm.deprecation            : HHH90000026: MySQL8Dialect has been deprecated; use org.hibernate.dialect.MySQLDialect instead
2023-08-01T21:58:46.014-05:00 DEBUG 132312 --- [           main] o.h.e.j.env.spi.IdentifierHelperBuilder  : JDBC driver metadata reported database stores quoted identifiers in more than one case
2023-08-01T21:58:46.014-05:00 DEBUG 132312 --- [           main] o.h.e.j.env.spi.IdentifierHelperBuilder  : IdentifierCaseStrategy for both quoted and unquoted identifiers was set to the same strategy [MIXED]; that will likely lead to problems in schema update and validation if using quoted identifiers
2023-08-01T21:58:46.033-05:00 DEBUG 132312 --- [           main] o.h.t.d.sql.spi.DdlTypeRegistry          : addDescriptor(12, org.hibernate.type.descriptor.sql.internal.CapacityDependentDdlType@27dbaa33) replaced previous registration(org.hibernate.type.descriptor.sql.internal.CapacityDependentDdlType@15d65fcf)
2023-08-01T21:58:46.033-05:00 DEBUG 132312 --- [           main] o.h.t.d.sql.spi.DdlTypeRegistry          : addDescriptor(-9, org.hibernate.type.descriptor.sql.internal.CapacityDependentDdlType@3b021664) replaced previous registration(org.hibernate.type.descriptor.sql.internal.CapacityDependentDdlType@f59da34)
2023-08-01T21:58:46.033-05:00 DEBUG 132312 --- [           main] o.h.t.d.sql.spi.DdlTypeRegistry          : addDescriptor(-3, org.hibernate.type.descriptor.sql.internal.CapacityDependentDdlType@752973de) replaced previous registration(org.hibernate.type.descriptor.sql.internal.CapacityDependentDdlType@52a67293)
2023-08-01T21:58:46.033-05:00 DEBUG 132312 --- [           main] o.h.t.d.sql.spi.DdlTypeRegistry          : addDescriptor(4003, org.hibernate.type.descriptor.sql.internal.DdlTypeImpl@793cef95) replaced previous registration(org.hibernate.type.descriptor.sql.internal.DdlTypeImpl@38f502fc)
2023-08-01T21:58:46.034-05:00 DEBUG 132312 --- [           main] o.h.t.d.sql.spi.DdlTypeRegistry          : addDescriptor(4001, org.hibernate.type.descriptor.sql.internal.DdlTypeImpl@67c21bf) replaced previous registration(org.hibernate.type.descriptor.sql.internal.DdlTypeImpl@67afe909)
2023-08-01T21:58:46.034-05:00 DEBUG 132312 --- [           main] o.h.t.d.sql.spi.DdlTypeRegistry          : addDescriptor(4002, org.hibernate.type.descriptor.sql.internal.DdlTypeImpl@79f1e22e) replaced previous registration(org.hibernate.type.descriptor.sql.internal.DdlTypeImpl@6903ed0e)
2023-08-01T21:58:46.034-05:00 DEBUG 132312 --- [           main] o.h.t.d.sql.spi.DdlTypeRegistry          : addDescriptor(2004, org.hibernate.type.descriptor.sql.internal.CapacityDependentDdlType@e154848) replaced previous registration(org.hibernate.type.descriptor.sql.internal.DdlTypeImpl@16ea0f22)
2023-08-01T21:58:46.034-05:00 DEBUG 132312 --- [           main] o.h.t.d.sql.spi.DdlTypeRegistry          : addDescriptor(2005, org.hibernate.type.descriptor.sql.internal.CapacityDependentDdlType@60fc7f43) replaced previous registration(org.hibernate.type.descriptor.sql.internal.DdlTypeImpl@16e195cf)
2023-08-01T21:58:46.034-05:00 DEBUG 132312 --- [           main] o.h.t.d.sql.spi.DdlTypeRegistry          : addDescriptor(2011, org.hibernate.type.descriptor.sql.internal.CapacityDependentDdlType@3212d853) replaced previous registration(org.hibernate.type.descriptor.sql.internal.DdlTypeImpl@74c7522c)
2023-08-01T21:58:46.035-05:00 DEBUG 132312 --- [           main] o.h.t.d.jdbc.spi.JdbcTypeRegistry        : addDescriptor(NCharTypeDescriptor) replaced previous registration(CharTypeDescriptor)
2023-08-01T21:58:46.036-05:00 DEBUG 132312 --- [           main] o.h.t.d.jdbc.spi.JdbcTypeRegistry        : addDescriptor(NVarcharTypeDescriptor) replaced previous registration(VarcharTypeDescriptor)
2023-08-01T21:58:46.036-05:00 DEBUG 132312 --- [           main] o.h.t.d.jdbc.spi.JdbcTypeRegistry        : addDescriptor(LongNVarcharTypeDescriptor) replaced previous registration(LongVarcharTypeDescriptor)
2023-08-01T21:58:46.037-05:00 DEBUG 132312 --- [           main] o.h.t.d.jdbc.spi.JdbcTypeRegistry        : addDescriptor(NClobTypeDescriptor(DEFAULT)) replaced previous registration(ClobTypeDescriptor(DEFAULT))
2023-08-01T21:58:46.038-05:00 DEBUG 132312 --- [           main] o.h.t.d.jdbc.spi.JdbcTypeRegistry        : addDescriptor(2005, ClobTypeDescriptor(STREAM_BINDING)) replaced previous registration(ClobTypeDescriptor(DEFAULT))
2023-08-01T21:58:46.043-05:00 DEBUG 132312 --- [           main] org.hibernate.type.BasicTypeRegistry     : Adding type registration null -> org.hibernate.type.NullType@505f45cc
2023-08-01T21:58:46.043-05:00 DEBUG 132312 --- [           main] org.hibernate.type.BasicTypeRegistry     : Type registration key [null] overrode previous entry : `org.hibernate.type.NullType@60cb1ed6`
2023-08-01T21:58:46.046-05:00 DEBUG 132312 --- [           main] org.hibernate.type.BasicTypeRegistry     : Adding type registration org.hibernate.type.OffsetDateTimeType -> basicType@1(java.time.OffsetDateTime,3003)
2023-08-01T21:58:46.047-05:00 DEBUG 132312 --- [           main] org.hibernate.type.BasicTypeRegistry     : Adding type registration OffsetDateTime -> basicType@1(java.time.OffsetDateTime,3003)
2023-08-01T21:58:46.047-05:00 DEBUG 132312 --- [           main] org.hibernate.type.BasicTypeRegistry     : Adding type registration java.time.OffsetDateTime -> basicType@1(java.time.OffsetDateTime,3003)
2023-08-01T21:58:46.047-05:00 DEBUG 132312 --- [           main] org.hibernate.type.BasicTypeRegistry     : Adding type registration org.hibernate.type.ZonedDateTimeType -> basicType@2(java.time.ZonedDateTime,3003)
2023-08-01T21:58:46.047-05:00 DEBUG 132312 --- [           main] org.hibernate.type.BasicTypeRegistry     : Adding type registration ZonedDateTime -> basicType@2(java.time.ZonedDateTime,3003)
2023-08-01T21:58:46.047-05:00 DEBUG 132312 --- [           main] org.hibernate.type.BasicTypeRegistry     : Adding type registration java.time.ZonedDateTime -> basicType@2(java.time.ZonedDateTime,3003)
2023-08-01T21:58:46.047-05:00 DEBUG 132312 --- [           main] org.hibernate.type.BasicTypeRegistry     : Adding type registration org.hibernate.type.OffsetTimeType -> basicType@3(java.time.OffsetTime,3007)
2023-08-01T21:58:46.047-05:00 DEBUG 132312 --- [           main] org.hibernate.type.BasicTypeRegistry     : Adding type registration OffsetTime -> basicType@3(java.time.OffsetTime,3007)
2023-08-01T21:58:46.048-05:00 DEBUG 132312 --- [           main] org.hibernate.type.BasicTypeRegistry     : Adding type registration java.time.OffsetTime -> basicType@3(java.time.OffsetTime,3007)
2023-08-01T21:58:46.048-05:00 DEBUG 132312 --- [           main] o.h.type.spi.TypeConfiguration$Scope     : Scoping TypeConfiguration [org.hibernate.type.spi.TypeConfiguration@5e3d2765] to MetadataBuildingContext [org.hibernate.boot.internal.MetadataBuildingContextRootImpl@7910f355]
2023-08-01T21:58:46.068-05:00 DEBUG 132312 --- [           main] o.h.boot.model.relational.Namespace      : Created database namespace [logicalName=Name{catalog=null, schema=null}, physicalName=Name{catalog=null, schema=null}]
2023-08-01T21:58:46.080-05:00 DEBUG 132312 --- [           main] o.h.boot.model.internal.EntityBinder     : Binding entity from annotated class: com.demo.demo.repository.entities.Cliente
2023-08-01T21:58:46.085-05:00 DEBUG 132312 --- [           main] o.h.boot.model.internal.EntityBinder     : Import with entity name Cliente
2023-08-01T21:58:46.089-05:00 DEBUG 132312 --- [           main] o.h.boot.model.internal.EntityBinder     : Bind entity com.demo.demo.repository.entities.Cliente on table clientes
2023-08-01T21:58:46.096-05:00 DEBUG 132312 --- [           main] o.h.boot.model.internal.AnnotatedColumn  : Binding column: AnnotatedDiscriminatorColumn(column='DTYPE')
2023-08-01T21:58:46.126-05:00 DEBUG 132312 --- [           main] o.h.boot.model.internal.AnnotatedColumn  : Binding column: AnnotatedColumn()
2023-08-01T21:58:46.127-05:00 DEBUG 132312 --- [           main] o.h.boot.internal.ClassLoaderAccessImpl  : Not known whether passed class name [com.demo.demo.repository.entities.Cliente] is safe
2023-08-01T21:58:46.127-05:00 DEBUG 132312 --- [           main] o.h.boot.internal.ClassLoaderAccessImpl  : No temp ClassLoader provided; using live ClassLoader for loading potentially unsafe class : com.demo.demo.repository.entities.Cliente
2023-08-01T21:58:46.131-05:00 DEBUG 132312 --- [           main] o.h.boot.model.internal.PropertyBinder   : MetadataSourceProcessor property id with lazy=false
2023-08-01T21:58:46.135-05:00 DEBUG 132312 --- [           main] o.h.b.m.internal.AbstractPropertyHolder  : Attempting to locate auto-apply AttributeConverter for property [com.demo.demo.repository.entities.Cliente:id]
2023-08-01T21:58:46.139-05:00 DEBUG 132312 --- [           main] o.h.b.model.internal.BasicValueBinder    : building BasicValue for id
2023-08-01T21:58:46.142-05:00 DEBUG 132312 --- [           main] org.hibernate.mapping.BasicValue         : Skipping column re-registration: clientes.id
2023-08-01T21:58:46.143-05:00 DEBUG 132312 --- [           main] o.h.boot.model.internal.PropertyBinder   : Building property id
2023-08-01T21:58:46.146-05:00 DEBUG 132312 --- [           main] o.h.boot.model.internal.BinderHelper     : #makeIdGenerator(BasicValue([Column(id)]), id, identity, , ...)
2023-08-01T21:58:46.147-05:00 DEBUG 132312 --- [           main] o.h.boot.model.internal.AnnotatedColumn  : Binding column: AnnotatedColumn()
2023-08-01T21:58:46.147-05:00 DEBUG 132312 --- [           main] o.h.boot.model.internal.PropertyBinder   : MetadataSourceProcessor property apellido with lazy=false
2023-08-01T21:58:46.147-05:00 DEBUG 132312 --- [           main] o.h.b.m.internal.AbstractPropertyHolder  : Attempting to locate auto-apply AttributeConverter for property [com.demo.demo.repository.entities.Cliente:apellido]
2023-08-01T21:58:46.147-05:00 DEBUG 132312 --- [           main] o.h.b.model.internal.BasicValueBinder    : building BasicValue for apellido
2023-08-01T21:58:46.147-05:00 DEBUG 132312 --- [           main] org.hibernate.mapping.BasicValue         : Skipping column re-registration: clientes.apellido
2023-08-01T21:58:46.147-05:00 DEBUG 132312 --- [           main] o.h.boot.model.internal.PropertyBinder   : Building property apellido
2023-08-01T21:58:46.149-05:00 DEBUG 132312 --- [           main] o.h.boot.model.internal.AnnotatedColumn  : Binding column: AnnotatedColumn(column='create_at')
2023-08-01T21:58:46.149-05:00 DEBUG 132312 --- [           main] o.h.boot.model.internal.PropertyBinder   : MetadataSourceProcessor property createAt with lazy=false
2023-08-01T21:58:46.149-05:00 DEBUG 132312 --- [           main] o.h.b.m.internal.AbstractPropertyHolder  : Attempting to locate auto-apply AttributeConverter for property [com.demo.demo.repository.entities.Cliente:createAt]
2023-08-01T21:58:46.149-05:00 DEBUG 132312 --- [           main] o.h.b.model.internal.BasicValueBinder    : building BasicValue for createAt
2023-08-01T21:58:46.149-05:00 DEBUG 132312 --- [           main] org.hibernate.mapping.BasicValue         : Skipping column re-registration: clientes.create_at
2023-08-01T21:58:46.150-05:00 DEBUG 132312 --- [           main] o.h.boot.model.internal.PropertyBinder   : Building property createAt
2023-08-01T21:58:46.151-05:00 DEBUG 132312 --- [           main] o.h.boot.model.internal.AnnotatedColumn  : Binding column: AnnotatedColumn()
2023-08-01T21:58:46.152-05:00 DEBUG 132312 --- [           main] o.h.boot.model.internal.PropertyBinder   : MetadataSourceProcessor property email with lazy=false
2023-08-01T21:58:46.152-05:00 DEBUG 132312 --- [           main] o.h.b.m.internal.AbstractPropertyHolder  : Attempting to locate auto-apply AttributeConverter for property [com.demo.demo.repository.entities.Cliente:email]
2023-08-01T21:58:46.152-05:00 DEBUG 132312 --- [           main] o.h.b.model.internal.BasicValueBinder    : building BasicValue for email
2023-08-01T21:58:46.152-05:00 DEBUG 132312 --- [           main] org.hibernate.mapping.BasicValue         : Skipping column re-registration: clientes.email
2023-08-01T21:58:46.152-05:00 DEBUG 132312 --- [           main] o.h.boot.model.internal.PropertyBinder   : Building property email
2023-08-01T21:58:46.155-05:00 DEBUG 132312 --- [           main] o.h.boot.model.internal.AnnotatedColumn  : Binding column: AnnotatedJoinColumn()
2023-08-01T21:58:46.156-05:00 DEBUG 132312 --- [           main] o.h.boot.model.internal.AnnotatedColumn  : Binding column: AnnotatedColumn()
2023-08-01T21:58:46.165-05:00 DEBUG 132312 --- [           main] o.h.boot.model.internal.AnnotatedColumn  : Binding column: IndexColumn(column='facturas_ORDER')
2023-08-01T21:58:46.167-05:00 DEBUG 132312 --- [           main] o.h.boot.model.internal.AnnotatedColumn  : Binding column: AnnotatedColumn()
2023-08-01T21:58:46.168-05:00 DEBUG 132312 --- [           main] o.h.boot.model.internal.AnnotatedColumn  : Binding column: AnnotatedColumn(column='facturas_KEY')
2023-08-01T21:58:46.169-05:00 DEBUG 132312 --- [           main] o.h.boot.model.internal.AnnotatedColumn  : Binding column: AnnotatedJoinColumn(column='facturas_KEY')
2023-08-01T21:58:46.170-05:00 DEBUG 132312 --- [           main] o.h.boot.model.internal.AnnotatedColumn  : Binding column: AnnotatedJoinColumn()
2023-08-01T21:58:46.171-05:00 DEBUG 132312 --- [           main] o.h.boot.model.internal.AnnotatedColumn  : Binding column: AnnotatedJoinColumn()
2023-08-01T21:58:46.173-05:00 DEBUG 132312 --- [           main] o.h.b.model.internal.CollectionBinder    : Collection role: com.demo.demo.repository.entities.Cliente.facturas
2023-08-01T21:58:46.174-05:00 DEBUG 132312 --- [           main] o.h.boot.model.internal.PropertyBinder   : Building property facturas
2023-08-01T21:58:46.176-05:00 DEBUG 132312 --- [           main] o.h.boot.model.internal.AnnotatedColumn  : Binding column: AnnotatedColumn()
2023-08-01T21:58:46.176-05:00 DEBUG 132312 --- [           main] o.h.boot.model.internal.PropertyBinder   : MetadataSourceProcessor property nombre with lazy=false
2023-08-01T21:58:46.176-05:00 DEBUG 132312 --- [           main] o.h.b.m.internal.AbstractPropertyHolder  : Attempting to locate auto-apply AttributeConverter for property [com.demo.demo.repository.entities.Cliente:nombre]
2023-08-01T21:58:46.176-05:00 DEBUG 132312 --- [           main] o.h.b.model.internal.BasicValueBinder    : building BasicValue for nombre
2023-08-01T21:58:46.176-05:00 DEBUG 132312 --- [           main] org.hibernate.mapping.BasicValue         : Skipping column re-registration: clientes.nombre
2023-08-01T21:58:46.177-05:00 DEBUG 132312 --- [           main] o.h.boot.model.internal.PropertyBinder   : Building property nombre
2023-08-01T21:58:46.177-05:00 DEBUG 132312 --- [           main] o.h.boot.model.internal.AnnotatedColumn  : Binding column: AnnotatedJoinColumn(column='region_id')
2023-08-01T21:58:46.178-05:00 DEBUG 132312 --- [           main] o.h.boot.model.internal.AnnotatedColumn  : Binding column: AnnotatedColumn()
2023-08-01T21:58:46.181-05:00 DEBUG 132312 --- [           main] o.h.boot.model.internal.PropertyBinder   : Building property region
2023-08-01T21:58:46.186-05:00 DEBUG 132312 --- [           main] o.h.boot.model.internal.EntityBinder     : Binding entity from annotated class: com.demo.demo.repository.entities.Factura
2023-08-01T21:58:46.186-05:00 DEBUG 132312 --- [           main] o.h.boot.model.internal.EntityBinder     : Import with entity name Factura
2023-08-01T21:58:46.186-05:00 DEBUG 132312 --- [           main] o.h.boot.model.internal.EntityBinder     : Bind entity com.demo.demo.repository.entities.Factura on table facturas
2023-08-01T21:58:46.187-05:00 DEBUG 132312 --- [           main] o.h.boot.model.internal.AnnotatedColumn  : Binding column: AnnotatedDiscriminatorColumn(column='DTYPE')
2023-08-01T21:58:46.188-05:00 DEBUG 132312 --- [           main] o.h.boot.model.internal.AnnotatedColumn  : Binding column: AnnotatedColumn()
2023-08-01T21:58:46.188-05:00 DEBUG 132312 --- [           main] o.h.boot.internal.ClassLoaderAccessImpl  : Not known whether passed class name [com.demo.demo.repository.entities.Factura] is safe
2023-08-01T21:58:46.188-05:00 DEBUG 132312 --- [           main] o.h.boot.internal.ClassLoaderAccessImpl  : No temp ClassLoader provided; using live ClassLoader for loading potentially unsafe class : com.demo.demo.repository.entities.Factura
2023-08-01T21:58:46.188-05:00 DEBUG 132312 --- [           main] o.h.boot.model.internal.PropertyBinder   : MetadataSourceProcessor property id with lazy=false
2023-08-01T21:58:46.188-05:00 DEBUG 132312 --- [           main] o.h.b.m.internal.AbstractPropertyHolder  : Attempting to locate auto-apply AttributeConverter for property [com.demo.demo.repository.entities.Factura:id]
2023-08-01T21:58:46.189-05:00 DEBUG 132312 --- [           main] o.h.b.model.internal.BasicValueBinder    : building BasicValue for id
2023-08-01T21:58:46.189-05:00 DEBUG 132312 --- [           main] org.hibernate.mapping.BasicValue         : Skipping column re-registration: facturas.id
2023-08-01T21:58:46.189-05:00 DEBUG 132312 --- [           main] o.h.boot.model.internal.PropertyBinder   : Building property id
2023-08-01T21:58:46.189-05:00 DEBUG 132312 --- [           main] o.h.boot.model.internal.BinderHelper     : #makeIdGenerator(BasicValue([Column(id)]), id, identity, , ...)
2023-08-01T21:58:46.189-05:00 DEBUG 132312 --- [           main] o.h.boot.model.internal.AnnotatedColumn  : Binding column: AnnotatedJoinColumn()
2023-08-01T21:58:46.190-05:00 DEBUG 132312 --- [           main] o.h.boot.model.internal.AnnotatedColumn  : Binding column: AnnotatedColumn()
2023-08-01T21:58:46.190-05:00 DEBUG 132312 --- [           main] o.h.boot.model.internal.PropertyBinder   : Building property cliente
2023-08-01T21:58:46.190-05:00 DEBUG 132312 --- [           main] o.h.boot.model.internal.AnnotatedColumn  : Binding column: AnnotatedColumn(column='create_at')
2023-08-01T21:58:46.191-05:00 DEBUG 132312 --- [           main] o.h.boot.model.internal.PropertyBinder   : MetadataSourceProcessor property createAt with lazy=false
2023-08-01T21:58:46.191-05:00 DEBUG 132312 --- [           main] o.h.b.m.internal.AbstractPropertyHolder  : Attempting to locate auto-apply AttributeConverter for property [com.demo.demo.repository.entities.Factura:createAt]
2023-08-01T21:58:46.191-05:00 DEBUG 132312 --- [           main] o.h.b.model.internal.BasicValueBinder    : building BasicValue for createAt
2023-08-01T21:58:46.191-05:00 DEBUG 132312 --- [           main] org.hibernate.mapping.BasicValue         : Skipping column re-registration: facturas.create_at
2023-08-01T21:58:46.191-05:00 DEBUG 132312 --- [           main] o.h.boot.model.internal.PropertyBinder   : Building property createAt
2023-08-01T21:58:46.191-05:00 DEBUG 132312 --- [           main] o.h.boot.model.internal.AnnotatedColumn  : Binding column: AnnotatedColumn()
2023-08-01T21:58:46.191-05:00 DEBUG 132312 --- [           main] o.h.boot.model.internal.PropertyBinder   : MetadataSourceProcessor property descripcion with lazy=false
2023-08-01T21:58:46.191-05:00 DEBUG 132312 --- [           main] o.h.b.m.internal.AbstractPropertyHolder  : Attempting to locate auto-apply AttributeConverter for property [com.demo.demo.repository.entities.Factura:descripcion]
2023-08-01T21:58:46.192-05:00 DEBUG 132312 --- [           main] o.h.b.model.internal.BasicValueBinder    : building BasicValue for descripcion
2023-08-01T21:58:46.192-05:00 DEBUG 132312 --- [           main] org.hibernate.mapping.BasicValue         : Skipping column re-registration: facturas.descripcion
2023-08-01T21:58:46.192-05:00 DEBUG 132312 --- [           main] o.h.boot.model.internal.PropertyBinder   : Building property descripcion
2023-08-01T21:58:46.192-05:00 DEBUG 132312 --- [           main] o.h.boot.model.internal.AnnotatedColumn  : Binding column: AnnotatedJoinColumn(column='factura_id')
2023-08-01T21:58:46.192-05:00 DEBUG 132312 --- [           main] o.h.boot.model.internal.AnnotatedColumn  : Binding column: AnnotatedColumn()
2023-08-01T21:58:46.192-05:00 DEBUG 132312 --- [           main] o.h.boot.model.internal.AnnotatedColumn  : Binding column: IndexColumn(column='items_ORDER')
2023-08-01T21:58:46.193-05:00 DEBUG 132312 --- [           main] o.h.boot.model.internal.AnnotatedColumn  : Binding column: AnnotatedColumn()
2023-08-01T21:58:46.193-05:00 DEBUG 132312 --- [           main] o.h.boot.model.internal.AnnotatedColumn  : Binding column: AnnotatedColumn(column='items_KEY')
2023-08-01T21:58:46.193-05:00 DEBUG 132312 --- [           main] o.h.boot.model.internal.AnnotatedColumn  : Binding column: AnnotatedJoinColumn(column='items_KEY')
2023-08-01T21:58:46.193-05:00 DEBUG 132312 --- [           main] o.h.boot.model.internal.AnnotatedColumn  : Binding column: AnnotatedJoinColumn()
2023-08-01T21:58:46.193-05:00 DEBUG 132312 --- [           main] o.h.boot.model.internal.AnnotatedColumn  : Binding column: AnnotatedJoinColumn()
2023-08-01T21:58:46.193-05:00 DEBUG 132312 --- [           main] o.h.b.model.internal.CollectionBinder    : Collection role: com.demo.demo.repository.entities.Factura.items
2023-08-01T21:58:46.193-05:00 DEBUG 132312 --- [           main] o.h.boot.model.internal.PropertyBinder   : Building property items
2023-08-01T21:58:46.193-05:00 DEBUG 132312 --- [           main] o.h.boot.model.internal.AnnotatedColumn  : Binding column: AnnotatedColumn()
2023-08-01T21:58:46.193-05:00 DEBUG 132312 --- [           main] o.h.boot.model.internal.PropertyBinder   : MetadataSourceProcessor property observacion with lazy=false
2023-08-01T21:58:46.193-05:00 DEBUG 132312 --- [           main] o.h.b.m.internal.AbstractPropertyHolder  : Attempting to locate auto-apply AttributeConverter for property [com.demo.demo.repository.entities.Factura:observacion]
2023-08-01T21:58:46.194-05:00 DEBUG 132312 --- [           main] o.h.b.model.internal.BasicValueBinder    : building BasicValue for observacion
2023-08-01T21:58:46.194-05:00 DEBUG 132312 --- [           main] org.hibernate.mapping.BasicValue         : Skipping column re-registration: facturas.observacion
2023-08-01T21:58:46.194-05:00 DEBUG 132312 --- [           main] o.h.boot.model.internal.PropertyBinder   : Building property observacion
2023-08-01T21:58:46.194-05:00 DEBUG 132312 --- [           main] o.h.boot.model.internal.EntityBinder     : Binding entity from annotated class: com.demo.demo.repository.entities.ItemFactura
2023-08-01T21:58:46.194-05:00 DEBUG 132312 --- [           main] o.h.boot.model.internal.EntityBinder     : Import with entity name ItemFactura
2023-08-01T21:58:46.195-05:00 DEBUG 132312 --- [           main] o.h.boot.model.internal.EntityBinder     : Bind entity com.demo.demo.repository.entities.ItemFactura on table facturas_items
2023-08-01T21:58:46.195-05:00 DEBUG 132312 --- [           main] o.h.boot.model.internal.AnnotatedColumn  : Binding column: AnnotatedDiscriminatorColumn(column='DTYPE')
2023-08-01T21:58:46.196-05:00 DEBUG 132312 --- [           main] o.h.boot.model.internal.AnnotatedColumn  : Binding column: AnnotatedColumn()
2023-08-01T21:58:46.196-05:00 DEBUG 132312 --- [           main] o.h.boot.internal.ClassLoaderAccessImpl  : Not known whether passed class name [com.demo.demo.repository.entities.ItemFactura] is safe
2023-08-01T21:58:46.196-05:00 DEBUG 132312 --- [           main] o.h.boot.internal.ClassLoaderAccessImpl  : No temp ClassLoader provided; using live ClassLoader for loading potentially unsafe class : com.demo.demo.repository.entities.ItemFactura
2023-08-01T21:58:46.196-05:00 DEBUG 132312 --- [           main] o.h.boot.model.internal.PropertyBinder   : MetadataSourceProcessor property id with lazy=false
2023-08-01T21:58:46.196-05:00 DEBUG 132312 --- [           main] o.h.b.m.internal.AbstractPropertyHolder  : Attempting to locate auto-apply AttributeConverter for property [com.demo.demo.repository.entities.ItemFactura:id]
2023-08-01T21:58:46.196-05:00 DEBUG 132312 --- [           main] o.h.b.model.internal.BasicValueBinder    : building BasicValue for id
2023-08-01T21:58:46.196-05:00 DEBUG 132312 --- [           main] org.hibernate.mapping.BasicValue         : Skipping column re-registration: facturas_items.id
2023-08-01T21:58:46.196-05:00 DEBUG 132312 --- [           main] o.h.boot.model.internal.PropertyBinder   : Building property id
2023-08-01T21:58:46.196-05:00 DEBUG 132312 --- [           main] o.h.boot.model.internal.BinderHelper     : #makeIdGenerator(BasicValue([Column(id)]), id, identity, , ...)
2023-08-01T21:58:46.196-05:00 DEBUG 132312 --- [           main] o.h.boot.model.internal.AnnotatedColumn  : Binding column: AnnotatedColumn()
2023-08-01T21:58:46.197-05:00 DEBUG 132312 --- [           main] o.h.boot.model.internal.PropertyBinder   : MetadataSourceProcessor property cantidad with lazy=false
2023-08-01T21:58:46.197-05:00 DEBUG 132312 --- [           main] o.h.b.m.internal.AbstractPropertyHolder  : Attempting to locate auto-apply AttributeConverter for property [com.demo.demo.repository.entities.ItemFactura:cantidad]
2023-08-01T21:58:46.197-05:00 DEBUG 132312 --- [           main] o.h.b.model.internal.BasicValueBinder    : building BasicValue for cantidad
2023-08-01T21:58:46.197-05:00 DEBUG 132312 --- [           main] org.hibernate.mapping.BasicValue         : Skipping column re-registration: facturas_items.cantidad
2023-08-01T21:58:46.197-05:00 DEBUG 132312 --- [           main] o.h.boot.model.internal.PropertyBinder   : Building property cantidad
2023-08-01T21:58:46.197-05:00 DEBUG 132312 --- [           main] o.h.boot.model.internal.AnnotatedColumn  : Binding column: AnnotatedJoinColumn(column='producto_id')
2023-08-01T21:58:46.197-05:00 DEBUG 132312 --- [           main] o.h.boot.model.internal.AnnotatedColumn  : Binding column: AnnotatedColumn()
2023-08-01T21:58:46.197-05:00 DEBUG 132312 --- [           main] o.h.boot.model.internal.PropertyBinder   : Building property producto
2023-08-01T21:58:46.198-05:00 DEBUG 132312 --- [           main] o.h.boot.model.internal.EntityBinder     : Binding entity from annotated class: com.demo.demo.repository.entities.Producto
2023-08-01T21:58:46.198-05:00 DEBUG 132312 --- [           main] o.h.boot.model.internal.EntityBinder     : Import with entity name Producto
2023-08-01T21:58:46.198-05:00 DEBUG 132312 --- [           main] o.h.boot.model.internal.EntityBinder     : Bind entity com.demo.demo.repository.entities.Producto on table productos
2023-08-01T21:58:46.198-05:00 DEBUG 132312 --- [           main] o.h.boot.model.internal.AnnotatedColumn  : Binding column: AnnotatedDiscriminatorColumn(column='DTYPE')
2023-08-01T21:58:46.199-05:00 DEBUG 132312 --- [           main] o.h.boot.model.internal.AnnotatedColumn  : Binding column: AnnotatedColumn()
2023-08-01T21:58:46.199-05:00 DEBUG 132312 --- [           main] o.h.boot.internal.ClassLoaderAccessImpl  : Not known whether passed class name [com.demo.demo.repository.entities.Producto] is safe
2023-08-01T21:58:46.199-05:00 DEBUG 132312 --- [           main] o.h.boot.internal.ClassLoaderAccessImpl  : No temp ClassLoader provided; using live ClassLoader for loading potentially unsafe class : com.demo.demo.repository.entities.Producto
2023-08-01T21:58:46.199-05:00 DEBUG 132312 --- [           main] o.h.boot.model.internal.PropertyBinder   : MetadataSourceProcessor property id with lazy=false
2023-08-01T21:58:46.199-05:00 DEBUG 132312 --- [           main] o.h.b.m.internal.AbstractPropertyHolder  : Attempting to locate auto-apply AttributeConverter for property [com.demo.demo.repository.entities.Producto:id]
2023-08-01T21:58:46.199-05:00 DEBUG 132312 --- [           main] o.h.b.model.internal.BasicValueBinder    : building BasicValue for id
2023-08-01T21:58:46.199-05:00 DEBUG 132312 --- [           main] org.hibernate.mapping.BasicValue         : Skipping column re-registration: productos.id
2023-08-01T21:58:46.199-05:00 DEBUG 132312 --- [           main] o.h.boot.model.internal.PropertyBinder   : Building property id
2023-08-01T21:58:46.199-05:00 DEBUG 132312 --- [           main] o.h.boot.model.internal.BinderHelper     : #makeIdGenerator(BasicValue([Column(id)]), id, identity, , ...)
2023-08-01T21:58:46.200-05:00 DEBUG 132312 --- [           main] o.h.boot.model.internal.AnnotatedColumn  : Binding column: AnnotatedColumn(column='create_at')
2023-08-01T21:58:46.200-05:00 DEBUG 132312 --- [           main] o.h.boot.model.internal.PropertyBinder   : MetadataSourceProcessor property createAt with lazy=false
2023-08-01T21:58:46.200-05:00 DEBUG 132312 --- [           main] o.h.b.m.internal.AbstractPropertyHolder  : Attempting to locate auto-apply AttributeConverter for property [com.demo.demo.repository.entities.Producto:createAt]
2023-08-01T21:58:46.200-05:00 DEBUG 132312 --- [           main] o.h.b.model.internal.BasicValueBinder    : building BasicValue for createAt
2023-08-01T21:58:46.200-05:00 DEBUG 132312 --- [           main] org.hibernate.mapping.BasicValue         : Skipping column re-registration: productos.create_at
2023-08-01T21:58:46.200-05:00 DEBUG 132312 --- [           main] o.h.boot.model.internal.PropertyBinder   : Building property createAt
2023-08-01T21:58:46.200-05:00 DEBUG 132312 --- [           main] o.h.boot.model.internal.AnnotatedColumn  : Binding column: AnnotatedColumn()
2023-08-01T21:58:46.200-05:00 DEBUG 132312 --- [           main] o.h.boot.model.internal.PropertyBinder   : MetadataSourceProcessor property nombre with lazy=false
2023-08-01T21:58:46.200-05:00 DEBUG 132312 --- [           main] o.h.b.m.internal.AbstractPropertyHolder  : Attempting to locate auto-apply AttributeConverter for property [com.demo.demo.repository.entities.Producto:nombre]
2023-08-01T21:58:46.200-05:00 DEBUG 132312 --- [           main] o.h.b.model.internal.BasicValueBinder    : building BasicValue for nombre
2023-08-01T21:58:46.200-05:00 DEBUG 132312 --- [           main] org.hibernate.mapping.BasicValue         : Skipping column re-registration: productos.nombre
2023-08-01T21:58:46.200-05:00 DEBUG 132312 --- [           main] o.h.boot.model.internal.PropertyBinder   : Building property nombre
2023-08-01T21:58:46.201-05:00 DEBUG 132312 --- [           main] o.h.boot.model.internal.AnnotatedColumn  : Binding column: AnnotatedColumn()
2023-08-01T21:58:46.201-05:00 DEBUG 132312 --- [           main] o.h.boot.model.internal.PropertyBinder   : MetadataSourceProcessor property precio with lazy=false
2023-08-01T21:58:46.201-05:00 DEBUG 132312 --- [           main] o.h.b.m.internal.AbstractPropertyHolder  : Attempting to locate auto-apply AttributeConverter for property [com.demo.demo.repository.entities.Producto:precio]
2023-08-01T21:58:46.201-05:00 DEBUG 132312 --- [           main] o.h.b.model.internal.BasicValueBinder    : building BasicValue for precio
2023-08-01T21:58:46.201-05:00 DEBUG 132312 --- [           main] org.hibernate.mapping.BasicValue         : Skipping column re-registration: productos.precio
2023-08-01T21:58:46.201-05:00 DEBUG 132312 --- [           main] o.h.boot.model.internal.PropertyBinder   : Building property precio
2023-08-01T21:58:46.202-05:00 DEBUG 132312 --- [           main] e.i.CallbackDefinitionResolverLegacyImpl : Adding prePersist as PrePersist callback for entity com.demo.demo.repository.entities.Producto
2023-08-01T21:58:46.203-05:00 DEBUG 132312 --- [           main] o.h.boot.model.internal.EntityBinder     : Binding entity from annotated class: com.demo.demo.repository.entities.Region
2023-08-01T21:58:46.203-05:00 DEBUG 132312 --- [           main] o.h.boot.model.internal.EntityBinder     : Import with entity name Region
2023-08-01T21:58:46.203-05:00 DEBUG 132312 --- [           main] o.h.boot.model.internal.EntityBinder     : Bind entity com.demo.demo.repository.entities.Region on table regiones
2023-08-01T21:58:46.203-05:00 DEBUG 132312 --- [           main] o.h.boot.model.internal.AnnotatedColumn  : Binding column: AnnotatedDiscriminatorColumn(column='DTYPE')
2023-08-01T21:58:46.204-05:00 DEBUG 132312 --- [           main] o.h.boot.model.internal.AnnotatedColumn  : Binding column: AnnotatedColumn()
2023-08-01T21:58:46.204-05:00 DEBUG 132312 --- [           main] o.h.boot.internal.ClassLoaderAccessImpl  : Not known whether passed class name [com.demo.demo.repository.entities.Region] is safe
2023-08-01T21:58:46.204-05:00 DEBUG 132312 --- [           main] o.h.boot.internal.ClassLoaderAccessImpl  : No temp ClassLoader provided; using live ClassLoader for loading potentially unsafe class : com.demo.demo.repository.entities.Region
2023-08-01T21:58:46.204-05:00 DEBUG 132312 --- [           main] o.h.boot.model.internal.PropertyBinder   : MetadataSourceProcessor property id with lazy=false
2023-08-01T21:58:46.204-05:00 DEBUG 132312 --- [           main] o.h.b.m.internal.AbstractPropertyHolder  : Attempting to locate auto-apply AttributeConverter for property [com.demo.demo.repository.entities.Region:id]
2023-08-01T21:58:46.204-05:00 DEBUG 132312 --- [           main] o.h.b.model.internal.BasicValueBinder    : building BasicValue for id
2023-08-01T21:58:46.204-05:00 DEBUG 132312 --- [           main] org.hibernate.mapping.BasicValue         : Skipping column re-registration: regiones.id
2023-08-01T21:58:46.204-05:00 DEBUG 132312 --- [           main] o.h.boot.model.internal.PropertyBinder   : Building property id
2023-08-01T21:58:46.204-05:00 DEBUG 132312 --- [           main] o.h.boot.model.internal.BinderHelper     : #makeIdGenerator(BasicValue([Column(id)]), id, identity, , ...)
2023-08-01T21:58:46.205-05:00 DEBUG 132312 --- [           main] o.h.boot.model.internal.AnnotatedColumn  : Binding column: AnnotatedColumn()
2023-08-01T21:58:46.205-05:00 DEBUG 132312 --- [           main] o.h.boot.model.internal.PropertyBinder   : MetadataSourceProcessor property nombre with lazy=false
2023-08-01T21:58:46.205-05:00 DEBUG 132312 --- [           main] o.h.b.m.internal.AbstractPropertyHolder  : Attempting to locate auto-apply AttributeConverter for property [com.demo.demo.repository.entities.Region:nombre]
2023-08-01T21:58:46.205-05:00 DEBUG 132312 --- [           main] o.h.b.model.internal.BasicValueBinder    : building BasicValue for nombre
2023-08-01T21:58:46.205-05:00 DEBUG 132312 --- [           main] org.hibernate.mapping.BasicValue         : Skipping column re-registration: regiones.nombre
2023-08-01T21:58:46.205-05:00 DEBUG 132312 --- [           main] o.h.boot.model.internal.PropertyBinder   : Building property nombre
2023-08-01T21:58:46.205-05:00 DEBUG 132312 --- [           main] o.h.boot.model.internal.EntityBinder     : Binding entity from annotated class: com.demo.demo.repository.entities.Role
2023-08-01T21:58:46.206-05:00 DEBUG 132312 --- [           main] o.h.boot.model.internal.EntityBinder     : Import with entity name Role
2023-08-01T21:58:46.206-05:00 DEBUG 132312 --- [           main] o.h.boot.model.internal.EntityBinder     : Bind entity com.demo.demo.repository.entities.Role on table roles
2023-08-01T21:58:46.206-05:00 DEBUG 132312 --- [           main] o.h.boot.model.internal.AnnotatedColumn  : Binding column: AnnotatedDiscriminatorColumn(column='DTYPE')
2023-08-01T21:58:46.207-05:00 DEBUG 132312 --- [           main] o.h.boot.model.internal.AnnotatedColumn  : Binding column: AnnotatedColumn()
2023-08-01T21:58:46.207-05:00 DEBUG 132312 --- [           main] o.h.boot.internal.ClassLoaderAccessImpl  : Not known whether passed class name [com.demo.demo.repository.entities.Role] is safe
2023-08-01T21:58:46.207-05:00 DEBUG 132312 --- [           main] o.h.boot.internal.ClassLoaderAccessImpl  : No temp ClassLoader provided; using live ClassLoader for loading potentially unsafe class : com.demo.demo.repository.entities.Role
2023-08-01T21:58:46.207-05:00 DEBUG 132312 --- [           main] o.h.boot.model.internal.PropertyBinder   : MetadataSourceProcessor property id with lazy=false
2023-08-01T21:58:46.207-05:00 DEBUG 132312 --- [           main] o.h.b.m.internal.AbstractPropertyHolder  : Attempting to locate auto-apply AttributeConverter for property [com.demo.demo.repository.entities.Role:id]
2023-08-01T21:58:46.207-05:00 DEBUG 132312 --- [           main] o.h.b.model.internal.BasicValueBinder    : building BasicValue for id
2023-08-01T21:58:46.207-05:00 DEBUG 132312 --- [           main] org.hibernate.mapping.BasicValue         : Skipping column re-registration: roles.id
2023-08-01T21:58:46.207-05:00 DEBUG 132312 --- [           main] o.h.boot.model.internal.PropertyBinder   : Building property id
2023-08-01T21:58:46.207-05:00 DEBUG 132312 --- [           main] o.h.boot.model.internal.BinderHelper     : #makeIdGenerator(BasicValue([Column(id)]), id, identity, , ...)
2023-08-01T21:58:46.207-05:00 DEBUG 132312 --- [           main] o.h.boot.model.internal.AnnotatedColumn  : Binding column: AnnotatedColumn()
2023-08-01T21:58:46.207-05:00 DEBUG 132312 --- [           main] o.h.boot.model.internal.PropertyBinder   : MetadataSourceProcessor property nombre with lazy=false
2023-08-01T21:58:46.208-05:00 DEBUG 132312 --- [           main] o.h.b.m.internal.AbstractPropertyHolder  : Attempting to locate auto-apply AttributeConverter for property [com.demo.demo.repository.entities.Role:nombre]
2023-08-01T21:58:46.208-05:00 DEBUG 132312 --- [           main] o.h.b.model.internal.BasicValueBinder    : building BasicValue for nombre
2023-08-01T21:58:46.208-05:00 DEBUG 132312 --- [           main] org.hibernate.mapping.BasicValue         : Skipping column re-registration: roles.nombre
2023-08-01T21:58:46.208-05:00 DEBUG 132312 --- [           main] o.h.boot.model.internal.PropertyBinder   : Building property nombre
2023-08-01T21:58:46.208-05:00 DEBUG 132312 --- [           main] o.h.boot.model.internal.EntityBinder     : Binding entity from annotated class: com.demo.demo.repository.entities.Usuario
2023-08-01T21:58:46.208-05:00 DEBUG 132312 --- [           main] o.h.boot.model.internal.EntityBinder     : Import with entity name Usuario
2023-08-01T21:58:46.208-05:00 DEBUG 132312 --- [           main] o.h.boot.model.internal.EntityBinder     : Bind entity com.demo.demo.repository.entities.Usuario on table usuarios
2023-08-01T21:58:46.209-05:00 DEBUG 132312 --- [           main] o.h.boot.model.internal.AnnotatedColumn  : Binding column: AnnotatedDiscriminatorColumn(column='DTYPE')
2023-08-01T21:58:46.211-05:00 DEBUG 132312 --- [           main] o.h.boot.model.internal.AnnotatedColumn  : Binding column: AnnotatedColumn()
2023-08-01T21:58:46.211-05:00 DEBUG 132312 --- [           main] o.h.boot.internal.ClassLoaderAccessImpl  : Not known whether passed class name [com.demo.demo.repository.entities.Usuario] is safe
2023-08-01T21:58:46.211-05:00 DEBUG 132312 --- [           main] o.h.boot.internal.ClassLoaderAccessImpl  : No temp ClassLoader provided; using live ClassLoader for loading potentially unsafe class : com.demo.demo.repository.entities.Usuario
2023-08-01T21:58:46.212-05:00 DEBUG 132312 --- [           main] o.h.boot.model.internal.PropertyBinder   : MetadataSourceProcessor property id with lazy=false
2023-08-01T21:58:46.212-05:00 DEBUG 132312 --- [           main] o.h.b.m.internal.AbstractPropertyHolder  : Attempting to locate auto-apply AttributeConverter for property [com.demo.demo.repository.entities.Usuario:id]
2023-08-01T21:58:46.212-05:00 DEBUG 132312 --- [           main] o.h.b.model.internal.BasicValueBinder    : building BasicValue for id
2023-08-01T21:58:46.212-05:00 DEBUG 132312 --- [           main] org.hibernate.mapping.BasicValue         : Skipping column re-registration: usuarios.id
2023-08-01T21:58:46.212-05:00 DEBUG 132312 --- [           main] o.h.boot.model.internal.PropertyBinder   : Building property id
2023-08-01T21:58:46.212-05:00 DEBUG 132312 --- [           main] o.h.boot.model.internal.BinderHelper     : #makeIdGenerator(BasicValue([Column(id)]), id, identity, , ...)
2023-08-01T21:58:46.212-05:00 DEBUG 132312 --- [           main] o.h.boot.model.internal.AnnotatedColumn  : Binding column: AnnotatedColumn()
2023-08-01T21:58:46.212-05:00 DEBUG 132312 --- [           main] o.h.boot.model.internal.PropertyBinder   : MetadataSourceProcessor property apellido with lazy=false
2023-08-01T21:58:46.212-05:00 DEBUG 132312 --- [           main] o.h.b.m.internal.AbstractPropertyHolder  : Attempting to locate auto-apply AttributeConverter for property [com.demo.demo.repository.entities.Usuario:apellido]
2023-08-01T21:58:46.212-05:00 DEBUG 132312 --- [           main] o.h.b.model.internal.BasicValueBinder    : building BasicValue for apellido
2023-08-01T21:58:46.212-05:00 DEBUG 132312 --- [           main] org.hibernate.mapping.BasicValue         : Skipping column re-registration: usuarios.apellido
2023-08-01T21:58:46.212-05:00 DEBUG 132312 --- [           main] o.h.boot.model.internal.PropertyBinder   : Building property apellido
2023-08-01T21:58:46.213-05:00 DEBUG 132312 --- [           main] o.h.boot.model.internal.AnnotatedColumn  : Binding column: AnnotatedColumn()
2023-08-01T21:58:46.213-05:00 DEBUG 132312 --- [           main] o.h.boot.model.internal.PropertyBinder   : MetadataSourceProcessor property email with lazy=false
2023-08-01T21:58:46.213-05:00 DEBUG 132312 --- [           main] o.h.b.m.internal.AbstractPropertyHolder  : Attempting to locate auto-apply AttributeConverter for property [com.demo.demo.repository.entities.Usuario:email]
[...]
	at org.springframework.beans.factory.support.DefaultListableBeanFactory.resolveDependency(DefaultListableBeanFactory.java:1337) ~[spring-beans-6.0.10.jar:6.0.10]
	at org.springframework.beans.factory.annotation.AutowiredAnnotationBeanPostProcessor$AutowiredFieldElement.resolveFieldValue(AutowiredAnnotationBeanPostProcessor.java:711) ~[spring-beans-6.0.10.jar:6.0.10]
	at org.springframework.beans.factory.annotation.AutowiredAnnotationBeanPostProcessor$AutowiredFieldElement.inject(AutowiredAnnotationBeanPostProcessor.java:694) ~[spring-beans-6.0.10.jar:6.0.10]
	at org.springframework.beans.factory.annotation.InjectionMetadata.inject(InjectionMetadata.java:145) ~[spring-beans-6.0.10.jar:6.0.10]
	at org.springframework.beans.factory.annotation.AutowiredAnnotationBeanPostProcessor.postProcessProperties(AutowiredAnnotationBeanPostProcessor.java:483) ~[spring-beans-6.0.10.jar:6.0.10]
	at org.springframework.beans.factory.support.AbstractAutowireCapableBeanFactory.populateBean(AbstractAutowireCapableBeanFactory.java:1416) ~[spring-beans-6.0.10.jar:6.0.10]
	at org.springframework.beans.factory.support.AbstractAutowireCapableBeanFactory.doCreateBean(AbstractAutowireCapableBeanFactory.java:597) ~[spring-beans-6.0.10.jar:6.0.10]
	at org.springframework.beans.factory.support.AbstractAutowireCapableBeanFactory.createBean(AbstractAutowireCapableBeanFactory.java:520) ~[spring-beans-6.0.10.jar:6.0.10]
	at org.springframework.beans.factory.support.AbstractBeanFactory.lambda$doGetBean$0(AbstractBeanFactory.java:326) ~[spring-beans-6.0.10.jar:6.0.10]
	at org.springframework.beans.factory.support.DefaultSingletonBeanRegistry.getSingleton(DefaultSingletonBeanRegistry.java:234) ~[spring-beans-6.0.10.jar:6.0.10]
	at org.springframework.beans.factory.support.AbstractBeanFactory.doGetBean(AbstractBeanFactory.java:324) ~[spring-beans-6.0.10.jar:6.0.10]
	at org.springframework.beans.factory.support.AbstractBeanFactory.getBean(AbstractBeanFactory.java:200) ~[spring-beans-6.0.10.jar:6.0.10]
	at org.springframework.beans.factory.support.DefaultListableBeanFactory.preInstantiateSingletons(DefaultListableBeanFactory.java:973) ~[spring-beans-6.0.10.jar:6.0.10]
	at org.springframework.context.support.AbstractApplicationContext.finishBeanFactoryInitialization(AbstractApplicationContext.java:941) ~[spring-context-6.0.10.jar:6.0.10]
	at org.springframework.context.support.AbstractApplicationContext.refresh(AbstractApplicationContext.java:608) ~[spring-context-6.0.10.jar:6.0.10]
	at org.springframework.boot.SpringApplication.refresh(SpringApplication.java:734) ~[spring-boot-3.1.1.jar:3.1.1]
	at org.springframework.boot.SpringApplication.refreshContext(SpringApplication.java:436) ~[spring-boot-3.1.1.jar:3.1.1]
	at org.springframework.boot.SpringApplication.run(SpringApplication.java:312) ~[spring-boot-3.1.1.jar:3.1.1]
	at org.springframework.boot.test.context.SpringBootContextLoader.lambda$loadContext$3(SpringBootContextLoader.java:137) ~[spring-boot-test-3.1.1.jar:3.1.1]
	at org.springframework.util.function.ThrowingSupplier.get(ThrowingSupplier.java:58) ~[spring-core-6.0.10.jar:6.0.10]
	at org.springframework.util.function.ThrowingSupplier.get(ThrowingSupplier.java:46) ~[spring-core-6.0.10.jar:6.0.10]
	at org.springframework.boot.SpringApplication.withHook(SpringApplication.java:1406) ~[spring-boot-3.1.1.jar:3.1.1]
	at org.springframework.boot.test.context.SpringBootContextLoader$ContextLoaderHook.run(SpringBootContextLoader.java:545) ~[spring-boot-test-3.1.1.jar:3.1.1]
	at org.springframework.boot.test.context.SpringBootContextLoader.loadContext(SpringBootContextLoader.java:137) ~[spring-boot-test-3.1.1.jar:3.1.1]
	at org.springframework.boot.test.context.SpringBootContextLoader.loadContext(SpringBootContextLoader.java:108) ~[spring-boot-test-3.1.1.jar:3.1.1]
	at org.springframework.test.context.cache.DefaultCacheAwareContextLoaderDelegate.loadContextInternal(DefaultCacheAwareContextLoaderDelegate.java:187) ~[spring-test-6.0.10.jar:6.0.10]
	at org.springframework.test.context.cache.DefaultCacheAwareContextLoaderDelegate.loadContext(DefaultCacheAwareContextLoaderDelegate.java:119) ~[spring-test-6.0.10.jar:6.0.10]
	at org.springframework.test.context.support.DefaultTestContext.getApplicationContext(DefaultTestContext.java:127) ~[spring-test-6.0.10.jar:6.0.10]
	at org.springframework.test.context.web.ServletTestExecutionListener.setUpRequestContextIfNecessary(ServletTestExecutionListener.java:191) ~[spring-test-6.0.10.jar:6.0.10]
	at org.springframework.test.context.web.ServletTestExecutionListener.prepareTestInstance(ServletTestExecutionListener.java:130) ~[spring-test-6.0.10.jar:6.0.10]
	at org.springframework.test.context.TestContextManager.prepareTestInstance(TestContextManager.java:241) ~[spring-test-6.0.10.jar:6.0.10]
	at org.springframework.test.context.junit.jupiter.SpringExtension.postProcessTestInstance(SpringExtension.java:138) ~[spring-test-6.0.10.jar:6.0.10]
	at org.junit.jupiter.engine.descriptor.ClassBasedTestDescriptor.lambda$invokeTestInstancePostProcessors$10(ClassBasedTestDescriptor.java:377) ~[junit-jupiter-engine-5.9.3.jar:5.9.3]
	at org.junit.jupiter.engine.descriptor.ClassBasedTestDescriptor.executeAndMaskThrowable(ClassBasedTestDescriptor.java:382) ~[junit-jupiter-engine-5.9.3.jar:5.9.3]
	at org.junit.jupiter.engine.descriptor.ClassBasedTestDescriptor.lambda$invokeTestInstancePostProcessors$11(ClassBasedTestDescriptor.java:377) ~[junit-jupiter-engine-5.9.3.jar:5.9.3]
	at java.base/java.util.stream.ReferencePipeline$3$1.accept(ReferencePipeline.java:197) ~[na:na]
	at java.base/java.util.stream.ReferencePipeline$2$1.accept(ReferencePipeline.java:179) ~[na:na]
	at java.base/java.util.ArrayList$ArrayListSpliterator.forEachRemaining(ArrayList.java:1625) ~[na:na]
	at java.base/java.util.stream.AbstractPipeline.copyInto(AbstractPipeline.java:509) ~[na:na]
	at java.base/java.util.stream.AbstractPipeline.wrapAndCopyInto(AbstractPipeline.java:499) ~[na:na]
	at java.base/java.util.stream.StreamSpliterators$WrappingSpliterator.forEachRemaining(StreamSpliterators.java:310) ~[na:na]
	at java.base/java.util.stream.Streams$ConcatSpliterator.forEachRemaining(Streams.java:735) ~[na:na]
	at java.base/java.util.stream.Streams$ConcatSpliterator.forEachRemaining(Streams.java:734) ~[na:na]
	at java.base/java.util.stream.ReferencePipeline$Head.forEach(ReferencePipeline.java:762) ~[na:na]
	at org.junit.jupiter.engine.descriptor.ClassBasedTestDescriptor.invokeTestInstancePostProcessors(ClassBasedTestDescriptor.java:376) ~[junit-jupiter-engine-5.9.3.jar:5.9.3]
	at org.junit.jupiter.engine.descriptor.ClassBasedTestDescriptor.lambda$instantiateAndPostProcessTestInstance$6(ClassBasedTestDescriptor.java:289) ~[junit-jupiter-engine-5.9.3.jar:5.9.3]
	at org.junit.platform.engine.support.hierarchical.ThrowableCollector.execute(ThrowableCollector.java:73) ~[junit-platform-engine-1.9.3.jar:1.9.3]
	at org.junit.jupiter.engine.descriptor.ClassBasedTestDescriptor.instantiateAndPostProcessTestInstance(ClassBasedTestDescriptor.java:288) ~[junit-jupiter-engine-5.9.3.jar:5.9.3]
	at org.junit.jupiter.engine.descriptor.ClassBasedTestDescriptor.lambda$testInstancesProvider$4(ClassBasedTestDescriptor.java:278) ~[junit-jupiter-engine-5.9.3.jar:5.9.3]
	at java.base/java.util.Optional.orElseGet(Optional.java:364) ~[na:na]
	at org.junit.jupiter.engine.descriptor.ClassBasedTestDescriptor.lambda$testInstancesProvider$5(ClassBasedTestDescriptor.java:277) ~[junit-jupiter-engine-5.9.3.jar:5.9.3]
	at org.junit.jupiter.engine.execution.TestInstancesProvider.getTestInstances(TestInstancesProvider.java:31) ~[junit-jupiter-engine-5.9.3.jar:5.9.3]
	at org.junit.jupiter.engine.descriptor.TestMethodTestDescriptor.lambda$prepare$0(TestMethodTestDescriptor.java:105) ~[junit-jupiter-engine-5.9.3.jar:5.9.3]
	at org.junit.platform.engine.support.hierarchical.ThrowableCollector.execute(ThrowableCollector.java:73) ~[junit-platform-engine-1.9.3.jar:1.9.3]
	at org.junit.jupiter.engine.descriptor.TestMethodTestDescriptor.prepare(TestMethodTestDescriptor.java:104) ~[junit-jupiter-engine-5.9.3.jar:5.9.3]
	at org.junit.jupiter.engine.descriptor.TestMethodTestDescriptor.prepare(TestMethodTestDescriptor.java:68) ~[junit-jupiter-engine-5.9.3.jar:5.9.3]
	at org.junit.platform.engine.support.hierarchical.NodeTestTask.lambda$prepare$2(NodeTestTask.java:123) ~[junit-platform-engine-1.9.3.jar:1.9.3]
	at org.junit.platform.engine.support.hierarchical.ThrowableCollector.execute(ThrowableCollector.java:73) ~[junit-platform-engine-1.9.3.jar:1.9.3]
	at org.junit.platform.engine.support.hierarchical.NodeTestTask.prepare(NodeTestTask.java:123) ~[junit-platform-engine-1.9.3.jar:1.9.3]
	at org.junit.platform.engine.support.hierarchical.NodeTestTask.execute(NodeTestTask.java:90) ~[junit-platform-engine-1.9.3.jar:1.9.3]
	at java.base/java.util.ArrayList.forEach(ArrayList.java:1511) ~[na:na]
	at org.junit.platform.engine.support.hierarchical.SameThreadHierarchicalTestExecutorService.invokeAll(SameThreadHierarchicalTestExecutorService.java:41) ~[junit-platform-engine-1.9.3.jar:1.9.3]
	at org.junit.platform.engine.support.hierarchical.NodeTestTask.lambda$executeRecursively$6(NodeTestTask.java:155) ~[junit-platform-engine-1.9.3.jar:1.9.3]
	at org.junit.platform.engine.support.hierarchical.ThrowableCollector.execute(ThrowableCollector.java:73) ~[junit-platform-engine-1.9.3.jar:1.9.3]
	at org.junit.platform.engine.support.hierarchical.NodeTestTask.lambda$executeRecursively$8(NodeTestTask.java:141) ~[junit-platform-engine-1.9.3.jar:1.9.3]
	at org.junit.platform.engine.support.hierarchical.Node.around(Node.java:137) ~[junit-platform-engine-1.9.3.jar:1.9.3]
	at org.junit.platform.engine.support.hierarchical.NodeTestTask.lambda$executeRecursively$9(NodeTestTask.java:139) ~[junit-platform-engine-1.9.3.jar:1.9.3]
	at org.junit.platform.engine.support.hierarchical.ThrowableCollector.execute(ThrowableCollector.java:73) ~[junit-platform-engine-1.9.3.jar:1.9.3]
	at org.junit.platform.engine.support.hierarchical.NodeTestTask.executeRecursively(NodeTestTask.java:138) ~[junit-platform-engine-1.9.3.jar:1.9.3]
	at org.junit.platform.engine.support.hierarchical.NodeTestTask.execute(NodeTestTask.java:95) ~[junit-platform-engine-1.9.3.jar:1.9.3]
	at java.base/java.util.ArrayList.forEach(ArrayList.java:1511) ~[na:na]
	at org.junit.platform.engine.support.hierarchical.SameThreadHierarchicalTestExecutorService.invokeAll(SameThreadHierarchicalTestExecutorService.java:41) ~[junit-platform-engine-1.9.3.jar:1.9.3]
	at org.junit.platform.engine.support.hierarchical.NodeTestTask.lambda$executeRecursively$6(NodeTestTask.java:155) ~[junit-platform-engine-1.9.3.jar:1.9.3]
	at org.junit.platform.engine.support.hierarchical.ThrowableCollector.execute(ThrowableCollector.java:73) ~[junit-platform-engine-1.9.3.jar:1.9.3]
	at org.junit.platform.engine.support.hierarchical.NodeTestTask.lambda$executeRecursively$8(NodeTestTask.java:141) ~[junit-platform-engine-1.9.3.jar:1.9.3]
	at org.junit.platform.engine.support.hierarchical.Node.around(Node.java:137) ~[junit-platform-engine-1.9.3.jar:1.9.3]
	at org.junit.platform.engine.support.hierarchical.NodeTestTask.lambda$executeRecursively$9(NodeTestTask.java:139) ~[junit-platform-engine-1.9.3.jar:1.9.3]
	at org.junit.platform.engine.support.hierarchical.ThrowableCollector.execute(ThrowableCollector.java:73) ~[junit-platform-engine-1.9.3.jar:1.9.3]
	at org.junit.platform.engine.support.hierarchical.NodeTestTask.executeRecursively(NodeTestTask.java:138) ~[junit-platform-engine-1.9.3.jar:1.9.3]
	at org.junit.platform.engine.support.hierarchical.NodeTestTask.execute(NodeTestTask.java:95) ~[junit-platform-engine-1.9.3.jar:1.9.3]
	at org.junit.platform.engine.support.hierarchical.SameThreadHierarchicalTestExecutorService.submit(SameThreadHierarchicalTestExecutorService.java:35) ~[junit-platform-engine-1.9.3.jar:1.9.3]
	at org.junit.platform.engine.support.hierarchical.HierarchicalTestExecutor.execute(HierarchicalTestExecutor.java:57) ~[junit-platform-engine-1.9.3.jar:1.9.3]
	at org.junit.platform.engine.support.hierarchical.HierarchicalTestEngine.execute(HierarchicalTestEngine.java:54) ~[junit-platform-engine-1.9.3.jar:1.9.3]
	at org.junit.platform.launcher.core.EngineExecutionOrchestrator.execute(EngineExecutionOrchestrator.java:147) ~[junit-platform-launcher-1.9.3.jar:1.9.3]
	at org.junit.platform.launcher.core.EngineExecutionOrchestrator.execute(EngineExecutionOrchestrator.java:127) ~[junit-platform-launcher-1.9.3.jar:1.9.3]
	at org.junit.platform.launcher.core.EngineExecutionOrchestrator.execute(EngineExecutionOrchestrator.java:90) ~[junit-platform-launcher-1.9.3.jar:1.9.3]
	at org.junit.platform.launcher.core.EngineExecutionOrchestrator.lambda$execute$0(EngineExecutionOrchestrator.java:55) ~[junit-platform-launcher-1.9.3.jar:1.9.3]
	at org.junit.platform.launcher.core.EngineExecutionOrchestrator.withInterceptedStreams(EngineExecutionOrchestrator.java:102) ~[junit-platform-launcher-1.9.3.jar:1.9.3]
	at org.junit.platform.launcher.core.EngineExecutionOrchestrator.execute(EngineExecutionOrchestrator.java:54) ~[junit-platform-launcher-1.9.3.jar:1.9.3]
	at org.junit.platform.launcher.core.DefaultLauncher.execute(DefaultLauncher.java:114) ~[junit-platform-launcher-1.9.3.jar:1.9.3]
	at org.junit.platform.launcher.core.DefaultLauncher.execute(DefaultLauncher.java:86) ~[junit-platform-launcher-1.9.3.jar:1.9.3]
	at org.junit.platform.launcher.core.DefaultLauncherSession$DelegatingLauncher.execute(DefaultLauncherSession.java:86) ~[junit-platform-launcher-1.9.3.jar:1.9.3]
	at org.apache.maven.surefire.junitplatform.LazyLauncher.execute(LazyLauncher.java:50) ~[surefire-junit-platform-3.0.0.jar:3.0.0]
	at org.apache.maven.surefire.junitplatform.JUnitPlatformProvider.execute(JUnitPlatformProvider.java:184) ~[surefire-junit-platform-3.0.0.jar:3.0.0]
	at org.apache.maven.surefire.junitplatform.JUnitPlatformProvider.invokeAllTests(JUnitPlatformProvider.java:148) ~[surefire-junit-platform-3.0.0.jar:3.0.0]
	at org.apache.maven.surefire.junitplatform.JUnitPlatformProvider.invoke(JUnitPlatformProvider.java:122) ~[surefire-junit-platform-3.0.0.jar:3.0.0]
	at org.apache.maven.surefire.booter.ForkedBooter.runSuitesInProcess(ForkedBooter.java:385) ~[surefire-booter-3.0.0.jar:3.0.0]
	at org.apache.maven.surefire.booter.ForkedBooter.execute(ForkedBooter.java:162) ~[surefire-booter-3.0.0.jar:3.0.0]
	at org.apache.maven.surefire.booter.ForkedBooter.run(ForkedBooter.java:507) ~[surefire-booter-3.0.0.jar:3.0.0]
	at org.apache.maven.surefire.booter.ForkedBooter.main(ForkedBooter.java:495) ~[surefire-booter-3.0.0.jar:3.0.0]

2023-08-01T21:58:48.263-05:00 DEBUG 132312 --- [           main] org.hibernate.orm.query.hql              : HQL : SELECT p FROM Producto p WHERE p.nombre LIKE  ?1
2023-08-01T21:58:48.302-05:00 DEBUG 132312 --- [           main] o.h.q.hql.internal.SemanticQueryBuilder  : Handling root path - Producto
2023-08-01T21:58:48.306-05:00 DEBUG 132312 --- [           main] org.hibernate.orm.query.sqm.creation     : Applying inferable type to SqmExpression [SqmPositionalParameter(1)] : null -> BasicSqmPathSource(nombre : String)
2023-08-01T21:58:48.308-05:00 DEBUG 132312 --- [           main] org.hibernate.orm.query.sqm.ast          : SqmStatement Tree :
    -> [select]
      -> [query-spec]
        -> [select]
          -> [selection]
            -> [root] - `com.demo.demo.repository.entities.Producto(p)`
            <- [root] - `com.demo.demo.repository.entities.Producto(p)`
          <- [selection]
        <- [select]
        -> [from]
          -> [root] - `com.demo.demo.repository.entities.Producto(p)`
          <- [root] - `com.demo.demo.repository.entities.Producto(p)`
        <- [from]
        -> [where]
          -> [is-like]
            ?1
            -> [basic-path] - `com.demo.demo.repository.entities.Producto(p).nombre`
          <- [is-like]
        <- [where]
      <- [query-spec]
    <- [select]

2023-08-01T21:58:48.457-05:00 DEBUG 132312 --- [           main] .h.v.m.ResourceBundleMessageInterpolator : Loaded expression factory via original TCCL
2023-08-01T21:58:48.459-05:00 DEBUG 132312 --- [           main] o.h.v.i.e.AbstractConfigurationImpl      : Setting custom MessageInterpolator of type org.springframework.validation.beanvalidation.LocaleContextMessageInterpolator
2023-08-01T21:58:48.459-05:00 DEBUG 132312 --- [           main] o.h.v.i.e.AbstractConfigurationImpl      : Setting custom ConstraintValidatorFactory of type org.springframework.validation.beanvalidation.SpringConstraintValidatorFactory
2023-08-01T21:58:48.461-05:00 DEBUG 132312 --- [           main] o.h.v.i.xml.config.ValidationXmlParser   : Trying to load META-INF/validation.xml for XML based Validator configuration.
2023-08-01T21:58:48.461-05:00 DEBUG 132312 --- [           main] o.h.v.i.xml.config.ResourceLoaderHelper  : Trying to load META-INF/validation.xml via user class loader
2023-08-01T21:58:48.461-05:00 DEBUG 132312 --- [           main] o.h.v.i.xml.config.ResourceLoaderHelper  : Trying to load META-INF/validation.xml via TCCL
2023-08-01T21:58:48.462-05:00 DEBUG 132312 --- [           main] o.h.v.i.xml.config.ResourceLoaderHelper  : Trying to load META-INF/validation.xml via Hibernate Validator's class loader
2023-08-01T21:58:48.462-05:00 DEBUG 132312 --- [           main] o.h.v.i.xml.config.ValidationXmlParser   : No META-INF/validation.xml found. Using annotation based configuration only.
2023-08-01T21:58:48.462-05:00 DEBUG 132312 --- [           main] o.h.v.i.e.resolver.TraversableResolvers  : Found jakarta.persistence.Persistence on classpath containing 'getPersistenceUtil'. Assuming JPA 2 environment. Trying to instantiate JPA aware TraversableResolver
2023-08-01T21:58:48.462-05:00 DEBUG 132312 --- [           main] o.h.v.i.e.resolver.TraversableResolvers  : Instantiated JPA aware TraversableResolver of type org.hibernate.validator.internal.engine.resolver.JPATraversableResolver.
2023-08-01T21:58:48.463-05:00 DEBUG 132312 --- [           main] .i.e.ValidatorFactoryConfigurationHelper : HV000252: Using org.hibernate.validator.internal.engine.DefaultPropertyNodeNameProvider as property node name provider.
2023-08-01T21:58:48.463-05:00 DEBUG 132312 --- [           main] .i.e.ValidatorFactoryConfigurationHelper : HV000234: Using org.springframework.validation.beanvalidation.LocaleContextMessageInterpolator as ValidatorFactory-scoped message interpolator.
2023-08-01T21:58:48.464-05:00 DEBUG 132312 --- [           main] .i.e.ValidatorFactoryConfigurationHelper : HV000234: Using org.hibernate.validator.internal.engine.resolver.JPATraversableResolver as ValidatorFactory-scoped traversable resolver.
2023-08-01T21:58:48.464-05:00 DEBUG 132312 --- [           main] .i.e.ValidatorFactoryConfigurationHelper : HV000234: Using org.hibernate.validator.internal.util.ExecutableParameterNameProvider as ValidatorFactory-scoped parameter name provider.
2023-08-01T21:58:48.464-05:00 DEBUG 132312 --- [           main] .i.e.ValidatorFactoryConfigurationHelper : HV000234: Using org.hibernate.validator.internal.engine.DefaultClockProvider as ValidatorFactory-scoped clock provider.
2023-08-01T21:58:48.464-05:00 DEBUG 132312 --- [           main] .i.e.ValidatorFactoryConfigurationHelper : HV000234: Using org.hibernate.validator.internal.engine.scripting.DefaultScriptEvaluatorFactory as ValidatorFactory-scoped script evaluator factory.
2023-08-01T21:58:48.482-05:00  WARN 132312 --- [           main] JpaBaseConfiguration$JpaWebConfiguration : spring.jpa.open-in-view is enabled by default. Therefore, database queries may be performed during view rendering. Explicitly configure spring.jpa.open-in-view to disable this warning
2023-08-01T21:58:48.789-05:00  INFO 132312 --- [           main] com.demo.demo.DemoApplicationTests       : Started DemoApplicationTests in 4.712 seconds (process running for 5.427)
]]></system-out>
  </testcase>
</testsuite>